Using pre-set license
Built from '2021.3/staging' branch; Version is '2021.3.8f1 (b30333d56e81) revision 11731763'; Using compiler version '192829333'; Build Type 'Release'
OS: 'Windows 10  (10.0.19044) 64bit Education' Language: 'cs' Physical Memory: 8001 MB
BatchMode: 1, IsHumanControllingUs: 0, StartBugReporterOnCrash: 0, Is64bit: 1, IsPro: 1

COMMAND LINE ARGUMENTS:
G:\RPR\unity\Unity 2021.3.8f1\Editor\Unity.exe
-adb2
-batchMode
-noUpm
-name
AssetImportWorker6
-projectPath
G:/RPR/GitHub/kantorphobia/kantorphobia
-logFile
Logs/AssetImportWorker6.log
-srvPort
52129
Successfully changed project path to: G:/RPR/GitHub/kantorphobia/kantorphobia
G:/RPR/GitHub/kantorphobia/kantorphobia
[UnityMemory] Configuration Parameters - Can be set up in boot.config
    "memorysetup-bucket-allocator-granularity=16"
    "memorysetup-bucket-allocator-bucket-count=8"
    "memorysetup-bucket-allocator-block-size=33554432"
    "memorysetup-bucket-allocator-block-count=8"
    "memorysetup-main-allocator-block-size=16777216"
    "memorysetup-thread-allocator-block-size=16777216"
    "memorysetup-gfx-main-allocator-block-size=16777216"
    "memorysetup-gfx-thread-allocator-block-size=16777216"
    "memorysetup-cache-allocator-block-size=4194304"
    "memorysetup-typetree-allocator-block-size=2097152"
    "memorysetup-profiler-bucket-allocator-granularity=16"
    "memorysetup-profiler-bucket-allocator-bucket-count=8"
    "memorysetup-profiler-bucket-allocator-block-size=33554432"
    "memorysetup-profiler-bucket-allocator-block-count=8"
    "memorysetup-profiler-allocator-block-size=16777216"
    "memorysetup-profiler-editor-allocator-block-size=1048576"
    "memorysetup-temp-allocator-size-main=16777216"
    "memorysetup-job-temp-allocator-block-size=2097152"
    "memorysetup-job-temp-allocator-block-size-background=1048576"
    "memorysetup-job-temp-allocator-reduction-small-platforms=262144"
    "memorysetup-temp-allocator-size-background-worker=32768"
    "memorysetup-temp-allocator-size-job-worker=262144"
    "memorysetup-temp-allocator-size-preload-manager=33554432"
    "memorysetup-temp-allocator-size-nav-mesh-worker=65536"
    "memorysetup-temp-allocator-size-audio-worker=65536"
    "memorysetup-temp-allocator-size-cloud-worker=32768"
    "memorysetup-temp-allocator-size-gi-baking-worker=262144"
    "memorysetup-temp-allocator-size-gfx=262144"
Refreshing native plugins compatible for Editor in 268.03 ms, found 3 plugins.
Preloading 0 native plugins for Editor in 0.00 ms.
Initialize engine version: 2021.3.8f1 (b30333d56e81)
[Subsystems] Discovering subsystems at path G:/RPR/unity/Unity 2021.3.8f1/Editor/Data/Resources/UnitySubsystems
[Subsystems] Discovering subsystems at path G:/RPR/GitHub/kantorphobia/kantorphobia/Assets
GfxDevice: creating device client; threaded=0; jobified=0
Direct3D:
    Version:  Direct3D 11.0 [level 11.1]
    Renderer: Intel(R) UHD Graphics 630 (ID=0x3e92)
    Vendor:   Intel
    VRAM:     4000 MB
    Driver:   30.0.101.1692
Initialize mono
Mono path[0] = 'G:/RPR/unity/Unity 2021.3.8f1/Editor/Data/Managed'
Mono path[1] = 'G:/RPR/unity/Unity 2021.3.8f1/Editor/Data/MonoBleedingEdge/lib/mono/unityjit-win32'
Mono config path = 'G:/RPR/unity/Unity 2021.3.8f1/Editor/Data/MonoBleedingEdge/etc'
Using monoOptions --debugger-agent=transport=dt_socket,embedding=1,server=y,suspend=n,address=127.0.0.1:56672
Begin MonoManager ReloadAssembly
Registering precompiled unity dll's ...
Register platform support module: G:/RPR/unity/Unity 2021.3.8f1/Editor/Data/PlaybackEngines/WindowsStandaloneSupport/UnityEditor.WindowsStandalone.Extensions.dll
Registered in 0.042764 seconds.
Native extension for WindowsStandalone target not found
Refreshing native plugins compatible for Editor in 128.96 ms, found 3 plugins.
Preloading 0 native plugins for Editor in 0.00 ms.
Mono: successfully reloaded assembly
- Completed reload, in  1.162 seconds
Domain Reload Profiling:
	ReloadAssembly (1162ms)
		BeginReloadAssembly (276ms)
			ExecutionOrderSort (0ms)
			DisableScriptedObjects (0ms)
			BackupInstance (0ms)
			ReleaseScriptingObjects (0ms)
			CreateAndSetChildDomain (1ms)
		EndReloadAssembly (666ms)
			LoadAssemblies (272ms)
			RebuildTransferFunctionScriptingTraits (0ms)
			SetupTypeCache (166ms)
			ReleaseScriptCaches (0ms)
			RebuildScriptCaches (31ms)
			SetupLoadedEditorAssemblies (389ms)
				LogAssemblyErrors (0ms)
				InitializePlatformSupportModulesInManaged (20ms)
				SetLoadedEditorAssemblies (0ms)
				RefreshPlugins (129ms)
				BeforeProcessingInitializeOnLoad (2ms)
				ProcessInitializeOnLoadAttributes (181ms)
				ProcessInitializeOnLoadMethodAttributes (57ms)
				AfterProcessingInitializeOnLoad (0ms)
				EditorAssembliesLoaded (0ms)
			ExecutionOrderSort2 (0ms)
			AwakeInstancesAfterBackupRestoration (0ms)
Platform modules already initialized, skipping
Registering precompiled user dll's ...
Registered in 0.100029 seconds.
Begin MonoManager ReloadAssembly
Native extension for WindowsStandalone target not found
Refreshing native plugins compatible for Editor in 127.21 ms, found 3 plugins.
Preloading 0 native plugins for Editor in 0.00 ms.
Mono: successfully reloaded assembly
- Completed reload, in  3.664 seconds
Domain Reload Profiling:
	ReloadAssembly (3665ms)
		BeginReloadAssembly (717ms)
			ExecutionOrderSort (0ms)
			DisableScriptedObjects (6ms)
			BackupInstance (0ms)
			ReleaseScriptingObjects (0ms)
			CreateAndSetChildDomain (20ms)
		EndReloadAssembly (2551ms)
			LoadAssemblies (1571ms)
			RebuildTransferFunctionScriptingTraits (0ms)
			SetupTypeCache (490ms)
			ReleaseScriptCaches (1ms)
			RebuildScriptCaches (73ms)
			SetupLoadedEditorAssemblies (917ms)
				LogAssemblyErrors (0ms)
				InitializePlatformSupportModulesInManaged (19ms)
				SetLoadedEditorAssemblies (0ms)
				RefreshPlugins (127ms)
				BeforeProcessingInitializeOnLoad (156ms)
				ProcessInitializeOnLoadAttributes (469ms)
				ProcessInitializeOnLoadMethodAttributes (129ms)
				AfterProcessingInitializeOnLoad (16ms)
				EditorAssembliesLoaded (0ms)
			ExecutionOrderSort2 (0ms)
			AwakeInstancesAfterBackupRestoration (11ms)
Platform modules already initialized, skipping
========================================================================
Worker process is ready to serve import requests
Launched and connected shader compiler UnityShaderCompiler.exe after 0.12 seconds
Refreshing native plugins compatible for Editor in 0.87 ms, found 3 plugins.
Preloading 0 native plugins for Editor in 0.00 ms.
Unloading 5424 Unused Serialized files (Serialized files now loaded: 0)
Unloading 60 unused Assets / (2.0 MB). Loaded Objects now: 5862.
Memory consumption went from 217.5 MB to 215.5 MB.
Total: 4.867000 ms (FindLiveObjects: 0.443000 ms CreateObjectMapping: 0.379300 ms MarkObjects: 3.518200 ms  DeleteObjects: 0.525800 ms)

AssetImportParameters requested are different than current active one (requested -> active):
  custom:video-decoder-ogg-theora: a1e56fd34408186e4bbccfd4996cb3dc -> 
  custom:container-muxer-webm: aa71ff27fc2769a1b78a27578f13a17b -> 
  custom:container-demuxer-webm: 4f35f7cbe854078d1ac9338744f61a02 -> 
  custom:video-encoder-webm-vp8: eb34c28f22e8b96e1ab97ce403110664 -> 
  custom:audio-encoder-webm-vorbis: bf7c407c2cedff20999df2af8eb42d56 -> 
  custom:framework-win-MediaFoundation: 216162199b28c13a410421893ffa2e32 -> 
  custom:container-demuxer-ogg: 62fdf1f143b41e24485cea50d1cbac27 -> 
  custom:video-decoder-webm-vp8: 9c59270c3fd7afecdb556c50c9e8de78 -> 
  custom:audio-decoder-ogg-vorbis: bf7c407c2cedff20999df2af8eb42d56 -> 
========================================================================
Received Import Request.
  Time since last request: 702067.263193 seconds.
  path: Assets/Prefabs/chair.blend
  artifactKey: Guid(7c35422bb959d4243830bac568533a1a) Importer(815301076,1909f56bfc062723c751e8b465ee728b)
Start importing Assets/Prefabs/chair.blend using Guid(7c35422bb959d4243830bac568533a1a) Importer(815301076,1909f56bfc062723c751e8b465ee728b)  -> (artifact id: '1339ff683372a13d336562c782bb3f45') in 0.463223 seconds 
========================================================================
Received Import Request.
  Time since last request: 0.000058 seconds.
  path: Assets/Prefabs/sofa 1.blend
  artifactKey: Guid(a0ad0c55ae03c0e43a8a2c1ba6516619) Importer(815301076,1909f56bfc062723c751e8b465ee728b)
Start importing Assets/Prefabs/sofa 1.blend using Guid(a0ad0c55ae03c0e43a8a2c1ba6516619) Importer(815301076,1909f56bfc062723c751e8b465ee728b)  -> (artifact id: '0320ddc28f6c9f0492dbfd45d081cb42') in 0.108257 seconds 
========================================================================
Received Import Request.
  Time since last request: 0.000074 seconds.
  path: Assets/Prefabs/underTVTable 1.blend
  artifactKey: Guid(89916719a45698447965238c7b372d85) Importer(815301076,1909f56bfc062723c751e8b465ee728b)
Start importing Assets/Prefabs/underTVTable 1.blend using Guid(89916719a45698447965238c7b372d85) Importer(815301076,1909f56bfc062723c751e8b465ee728b)  -> (artifact id: 'bdce8a804cbf0e4176f0a08795082133') in 0.089585 seconds 
========================================================================
Received Import Request.
  Time since last request: 0.000085 seconds.
  path: Assets/Prefabs/tanglewood2.blend
  artifactKey: Guid(4fa4d1064f819dc4d8b9d4afdb1b69d1) Importer(815301076,1909f56bfc062723c751e8b465ee728b)
Start importing Assets/Prefabs/tanglewood2.blend using Guid(4fa4d1064f819dc4d8b9d4afdb1b69d1) Importer(815301076,1909f56bfc062723c751e8b465ee728b)  -> (artifact id: '941818d81b0db638883ed6ee1c09d930') in 0.193715 seconds 
========================================================================
Received Import Request.
  Time since last request: 0.000052 seconds.
  path: Assets/Prefabs/sofa.blend
  artifactKey: Guid(a1ce5a4653dc44e4b9aa93d7583126bf) Importer(815301076,1909f56bfc062723c751e8b465ee728b)
Start importing Assets/Prefabs/sofa.blend using Guid(a1ce5a4653dc44e4b9aa93d7583126bf) Importer(815301076,1909f56bfc062723c751e8b465ee728b)  -> (artifact id: '60d57da48d44005eda8bc90be52b8cdf') in 0.099693 seconds 
========================================================================
Received Import Request.
  Time since last request: 0.000026 seconds.
  path: Assets/Prefabs/chair 1.blend
  artifactKey: Guid(d4b05c254ebe6b54c9c7b5331fef9e17) Importer(815301076,1909f56bfc062723c751e8b465ee728b)
Start importing Assets/Prefabs/chair 1.blend using Guid(d4b05c254ebe6b54c9c7b5331fef9e17) Importer(815301076,1909f56bfc062723c751e8b465ee728b)  -> (artifact id: '0bae1f0ae1d178feaa8c3fb74d21d54a') in 0.168872 seconds 
========================================================================
Received Import Request.
  Time since last request: 0.000024 seconds.
  path: Assets/Prefabs/favorit.fbx
  artifactKey: Guid(e3d91b8b793810d49bceff466f1c3527) Importer(815301076,1909f56bfc062723c751e8b465ee728b)
Start importing Assets/Prefabs/favorit.fbx using Guid(e3d91b8b793810d49bceff466f1c3527) Importer(815301076,1909f56bfc062723c751e8b465ee728b)  -> (artifact id: '7d2c5ca44e9ad4790121d5c04141659b') in 0.345595 seconds 
========================================================================
Received Import Request.
  Time since last request: 0.000036 seconds.
  path: Assets/Prefabs/television.blend
  artifactKey: Guid(b1c6cf9cc05009a47bc40437b7d4dc56) Importer(815301076,1909f56bfc062723c751e8b465ee728b)
Start importing Assets/Prefabs/television.blend using Guid(b1c6cf9cc05009a47bc40437b7d4dc56) Importer(815301076,1909f56bfc062723c751e8b465ee728b)  -> (artifact id: 'dad3c449a4840e91c56c60db2cef8b3e') in 0.132189 seconds 
========================================================================
Received Import Request.
  Time since last request: 0.000058 seconds.
  path: Assets/Prefabs/underTVTable.blend
  artifactKey: Guid(575af9a025be0d041b9523e0afc031cf) Importer(815301076,1909f56bfc062723c751e8b465ee728b)
Start importing Assets/Prefabs/underTVTable.blend using Guid(575af9a025be0d041b9523e0afc031cf) Importer(815301076,1909f56bfc062723c751e8b465ee728b)  -> (artifact id: '93e2c2415591d9b65fb83cacee8808c0') in 0.111406 seconds 
========================================================================
Received Import Request.
  Time since last request: 0.000018 seconds.
  path: Assets/Prefabs/favorit 1.fbx
  artifactKey: Guid(b4aa1112c3b530c4db0c99b77bfbbde5) Importer(815301076,1909f56bfc062723c751e8b465ee728b)
Start importing Assets/Prefabs/favorit 1.fbx using Guid(b4aa1112c3b530c4db0c99b77bfbbde5) Importer(815301076,1909f56bfc062723c751e8b465ee728b)  -> (artifact id: 'c9a7f04d7c45ac5a3c961ddb2642e78b') in 0.242439 seconds 
========================================================================
Received Import Request.
  Time since last request: 0.000020 seconds.
  path: Assets/Prefabs/newCharacter 1.blend
  artifactKey: Guid(856749d8de1bbcd40891947183c2ddbb) Importer(815301076,1909f56bfc062723c751e8b465ee728b)
Start importing Assets/Prefabs/newCharacter 1.blend using Guid(856749d8de1bbcd40891947183c2ddbb) Importer(815301076,1909f56bfc062723c751e8b465ee728b)  -> (artifact id: '28e3c64c98d96639344229b8f62b6319') in 0.383414 seconds 
========================================================================
Received Import Request.
  Time since last request: 0.000057 seconds.
  path: Assets/Prefabs/lamp.blend
  artifactKey: Guid(a57e60d3f72bae04985cbfb24880cd19) Importer(815301076,1909f56bfc062723c751e8b465ee728b)
Start importing Assets/Prefabs/lamp.blend using Guid(a57e60d3f72bae04985cbfb24880cd19) Importer(815301076,1909f56bfc062723c751e8b465ee728b)  -> (artifact id: '0648a05d3459d4d4b90021cc78bcd209') in 0.097623 seconds 
========================================================================
Received Import Request.
  Time since last request: 0.000023 seconds.
  path: Assets/Prefabs/table 1.blend
  artifactKey: Guid(f300a7ef86a166e4cbb64dcb9222c81b) Importer(815301076,1909f56bfc062723c751e8b465ee728b)
Start importing Assets/Prefabs/table 1.blend using Guid(f300a7ef86a166e4cbb64dcb9222c81b) Importer(815301076,1909f56bfc062723c751e8b465ee728b)  -> (artifact id: 'bad91fdb6c860fca4ded1542d03cb78e') in 0.091014 seconds 
========================================================================
Received Import Request.
  Time since last request: 0.000032 seconds.
  path: Assets/Prefabs/table.blend
  artifactKey: Guid(703828570e456df42b9f9469ebaa3d8e) Importer(815301076,1909f56bfc062723c751e8b465ee728b)
Start importing Assets/Prefabs/table.blend using Guid(703828570e456df42b9f9469ebaa3d8e) Importer(815301076,1909f56bfc062723c751e8b465ee728b)  -> (artifact id: '06410e057cf695706e38641fe66bcd8f') in 0.083545 seconds 
========================================================================
Received Import Request.
  Time since last request: 0.000072 seconds.
  path: Assets/Prefabs/lamp 1.blend
  artifactKey: Guid(e226f994122b6fa46b8922f501ffa4c1) Importer(815301076,1909f56bfc062723c751e8b465ee728b)
Start importing Assets/Prefabs/lamp 1.blend using Guid(e226f994122b6fa46b8922f501ffa4c1) Importer(815301076,1909f56bfc062723c751e8b465ee728b)  -> (artifact id: '017b13a8c22e3b243891d5a8fc444350') in 0.097931 seconds 
========================================================================
Received Import Request.
  Time since last request: 0.000023 seconds.
  path: Assets/Prefabs/newCharacter.blend
  artifactKey: Guid(7b522654a45eb014b9220cc66c95536e) Importer(815301076,1909f56bfc062723c751e8b465ee728b)
Start importing Assets/Prefabs/newCharacter.blend using Guid(7b522654a45eb014b9220cc66c95536e) Importer(815301076,1909f56bfc062723c751e8b465ee728b)  -> (artifact id: '884868f928b1282d9e1569950144544e') in 0.079275 seconds 
========================================================================
Received Import Request.
  Time since last request: 157.976963 seconds.
  path: Assets/Prefabs/tanglewood2.blend1
  artifactKey: Guid(1d0365644d1d1b2448e3aef8e2acc8a8) Importer(815301076,1909f56bfc062723c751e8b465ee728b)
Start importing Assets/Prefabs/tanglewood2.blend1 using Guid(1d0365644d1d1b2448e3aef8e2acc8a8) Importer(815301076,1909f56bfc062723c751e8b465ee728b)  -> (artifact id: 'd02c0e22c6f87ed9679300fa210fcff1') in 0.037936 seconds 
========================================================================
Received Import Request.
  Time since last request: 45.378387 seconds.
  path: Assets/Prefabs/tanglewood2 1.blend1
  artifactKey: Guid(45de9e01523a859408c64aaa1e895844) Importer(815301076,1909f56bfc062723c751e8b465ee728b)
Start importing Assets/Prefabs/tanglewood2 1.blend1 using Guid(45de9e01523a859408c64aaa1e895844) Importer(815301076,1909f56bfc062723c751e8b465ee728b)  -> (artifact id: '7214d1b674d816b2bf4a1b019dae47a0') in 0.019543 seconds 
========================================================================
Received Prepare
Registering precompiled user dll's ...
Registered in 0.038208 seconds.
Begin MonoManager ReloadAssembly
Native extension for WindowsStandalone target not found
Refreshing native plugins compatible for Editor in 3.62 ms, found 3 plugins.
Preloading 0 native plugins for Editor in 0.00 ms.
Mono: successfully reloaded assembly
- Completed reload, in  8.183 seconds
Domain Reload Profiling:
	ReloadAssembly (8186ms)
		BeginReloadAssembly (2114ms)
			ExecutionOrderSort (0ms)
			DisableScriptedObjects (13ms)
			BackupInstance (0ms)
			ReleaseScriptingObjects (0ms)
			CreateAndSetChildDomain (141ms)
		EndReloadAssembly (5371ms)
			LoadAssemblies (3112ms)
			RebuildTransferFunctionScriptingTraits (0ms)
			SetupTypeCache (1189ms)
			ReleaseScriptCaches (5ms)
			RebuildScriptCaches (154ms)
			SetupLoadedEditorAssemblies (1845ms)
				LogAssemblyErrors (0ms)
				InitializePlatformSupportModulesInManaged (65ms)
				SetLoadedEditorAssemblies (1ms)
				RefreshPlugins (4ms)
				BeforeProcessingInitializeOnLoad (413ms)
				ProcessInitializeOnLoadAttributes (852ms)
				ProcessInitializeOnLoadMethodAttributes (321ms)
				AfterProcessingInitializeOnLoad (189ms)
				EditorAssembliesLoaded (1ms)
			ExecutionOrderSort2 (0ms)
			AwakeInstancesAfterBackupRestoration (18ms)
Platform modules already initialized, skipping
Refreshing native plugins compatible for Editor in 45.38 ms, found 3 plugins.
Preloading 0 native plugins for Editor in 0.00 ms.
Unloading 5306 Unused Serialized files (Serialized files now loaded: 0)
Unloading 41 unused Assets / (2.0 MB). Loaded Objects now: 5921.
Memory consumption went from 210.8 MB to 208.8 MB.
Total: 4.915800 ms (FindLiveObjects: 0.421700 ms CreateObjectMapping: 0.361900 ms MarkObjects: 3.495800 ms  DeleteObjects: 0.635600 ms)

AssetImportParameters requested are different than current active one (requested -> active):
  custom:video-decoder-ogg-theora: a1e56fd34408186e4bbccfd4996cb3dc -> 
  custom:container-muxer-webm: aa71ff27fc2769a1b78a27578f13a17b -> 
  custom:container-demuxer-webm: 4f35f7cbe854078d1ac9338744f61a02 -> 
  custom:video-encoder-webm-vp8: eb34c28f22e8b96e1ab97ce403110664 -> 
  custom:audio-encoder-webm-vorbis: bf7c407c2cedff20999df2af8eb42d56 -> 
  custom:framework-win-MediaFoundation: 216162199b28c13a410421893ffa2e32 -> 
  custom:container-demuxer-ogg: 62fdf1f143b41e24485cea50d1cbac27 -> 
  custom:video-decoder-webm-vp8: 9c59270c3fd7afecdb556c50c9e8de78 -> 
  custom:audio-decoder-ogg-vorbis: bf7c407c2cedff20999df2af8eb42d56 -> 
========================================================================
Received Import Request.
  Time since last request: 81.491291 seconds.
  path: Assets/Prefabs
  artifactKey: Guid(8e5a0205d36f0834aa0d7a625c540896) Importer(815301076,1909f56bfc062723c751e8b465ee728b)
Start importing Assets/Prefabs using Guid(8e5a0205d36f0834aa0d7a625c540896) Importer(815301076,1909f56bfc062723c751e8b465ee728b)  -> (artifact id: 'aa7e43f15219116f5a406fa357197dad') in 0.048013 seconds 
========================================================================
Received Prepare
Registering precompiled user dll's ...
Registered in 0.037135 seconds.
Begin MonoManager ReloadAssembly
Native extension for WindowsStandalone target not found
Refreshing native plugins compatible for Editor in 1.51 ms, found 3 plugins.
Preloading 0 native plugins for Editor in 0.00 ms.
Mono: successfully reloaded assembly
- Completed reload, in  7.699 seconds
Domain Reload Profiling:
	ReloadAssembly (7702ms)
		BeginReloadAssembly (2273ms)
			ExecutionOrderSort (0ms)
			DisableScriptedObjects (16ms)
			BackupInstance (0ms)
			ReleaseScriptingObjects (0ms)
			CreateAndSetChildDomain (109ms)
		EndReloadAssembly (4660ms)
			LoadAssemblies (3192ms)
			RebuildTransferFunctionScriptingTraits (0ms)
			SetupTypeCache (971ms)
			ReleaseScriptCaches (3ms)
			RebuildScriptCaches (112ms)
			SetupLoadedEditorAssemblies (1445ms)
				LogAssemblyErrors (0ms)
				InitializePlatformSupportModulesInManaged (64ms)
				SetLoadedEditorAssemblies (1ms)
				RefreshPlugins (2ms)
				BeforeProcessingInitializeOnLoad (483ms)
				ProcessInitializeOnLoadAttributes (636ms)
				ProcessInitializeOnLoadMethodAttributes (231ms)
				AfterProcessingInitializeOnLoad (29ms)
				EditorAssembliesLoaded (0ms)
			ExecutionOrderSort2 (0ms)
			AwakeInstancesAfterBackupRestoration (15ms)
Platform modules already initialized, skipping
Refreshing native plugins compatible for Editor in 50.14 ms, found 3 plugins.
Preloading 0 native plugins for Editor in 0.00 ms.
Unloading 5306 Unused Serialized files (Serialized files now loaded: 0)
Unloading 41 unused Assets / (2.0 MB). Loaded Objects now: 5936.
Memory consumption went from 210.8 MB to 208.8 MB.
Total: 9.458000 ms (FindLiveObjects: 0.625700 ms CreateObjectMapping: 0.374800 ms MarkObjects: 6.839600 ms  DeleteObjects: 1.616400 ms)

AssetImportParameters requested are different than current active one (requested -> active):
  custom:video-decoder-ogg-theora: a1e56fd34408186e4bbccfd4996cb3dc -> 
  custom:container-muxer-webm: aa71ff27fc2769a1b78a27578f13a17b -> 
  custom:container-demuxer-webm: 4f35f7cbe854078d1ac9338744f61a02 -> 
  custom:video-encoder-webm-vp8: eb34c28f22e8b96e1ab97ce403110664 -> 
  custom:audio-encoder-webm-vorbis: bf7c407c2cedff20999df2af8eb42d56 -> 
  custom:framework-win-MediaFoundation: 216162199b28c13a410421893ffa2e32 -> 
  custom:container-demuxer-ogg: 62fdf1f143b41e24485cea50d1cbac27 -> 
  custom:video-decoder-webm-vp8: 9c59270c3fd7afecdb556c50c9e8de78 -> 
  custom:audio-decoder-ogg-vorbis: bf7c407c2cedff20999df2af8eb42d56 -> 
========================================================================
Received Import Request.
  Time since last request: 318.118123 seconds.
  path: ProjectSettings/TagManager.asset
  artifactKey: Guid(00000000000000003000000000000000) Importer(815301076,1909f56bfc062723c751e8b465ee728b)
Start importing ProjectSettings/TagManager.asset using Guid(00000000000000003000000000000000) Importer(815301076,1909f56bfc062723c751e8b465ee728b)  -> (artifact id: 'b7ca5b62709126dee8ce816701d98ebc') in 0.072336 seconds 
========================================================================
Received Import Request.
  Time since last request: 12.079581 seconds.
  path: ProjectSettings/TagManager.asset
  artifactKey: Guid(00000000000000003000000000000000) Importer(815301076,1909f56bfc062723c751e8b465ee728b)
Start importing ProjectSettings/TagManager.asset using Guid(00000000000000003000000000000000) Importer(815301076,1909f56bfc062723c751e8b465ee728b)  -> (artifact id: '2b1d62d76e94296d859241c251f74f86') in 0.018162 seconds 
