Using pre-set license
Built from '2021.3/staging' branch; Version is '2021.3.8f1 (b30333d56e81) revision 11731763'; Using compiler version '192829333'; Build Type 'Release'
OS: 'Windows 10  (10.0.19045) 64bit Education' Language: 'cs' Physical Memory: 7939 MB
BatchMode: 1, IsHumanControllingUs: 0, StartBugReporterOnCrash: 0, Is64bit: 1, IsPro: 1

COMMAND LINE ARGUMENTS:
G:\RPR\unity\Unity 2021.3.8f1\Editor\Unity.exe
-adb2
-batchMode
-noUpm
-name
AssetImportWorker0
-projectPath
G:/RPR/GitHub/kantorphobia/kantorphobia
-logFile
Logs/AssetImportWorker0.log
-srvPort
62388
Successfully changed project path to: G:/RPR/GitHub/kantorphobia/kantorphobia
G:/RPR/GitHub/kantorphobia/kantorphobia
[UnityMemory] Configuration Parameters - Can be set up in boot.config
    "memorysetup-bucket-allocator-granularity=16"
    "memorysetup-bucket-allocator-bucket-count=8"
    "memorysetup-bucket-allocator-block-size=33554432"
    "memorysetup-bucket-allocator-block-count=8"
    "memorysetup-main-allocator-block-size=16777216"
    "memorysetup-thread-allocator-block-size=16777216"
    "memorysetup-gfx-main-allocator-block-size=16777216"
    "memorysetup-gfx-thread-allocator-block-size=16777216"
    "memorysetup-cache-allocator-block-size=4194304"
    "memorysetup-typetree-allocator-block-size=2097152"
    "memorysetup-profiler-bucket-allocator-granularity=16"
    "memorysetup-profiler-bucket-allocator-bucket-count=8"
    "memorysetup-profiler-bucket-allocator-block-size=33554432"
    "memorysetup-profiler-bucket-allocator-block-count=8"
    "memorysetup-profiler-allocator-block-size=16777216"
    "memorysetup-profiler-editor-allocator-block-size=1048576"
    "memorysetup-temp-allocator-size-main=16777216"
    "memorysetup-job-temp-allocator-block-size=2097152"
    "memorysetup-job-temp-allocator-block-size-background=1048576"
    "memorysetup-job-temp-allocator-reduction-small-platforms=262144"
    "memorysetup-temp-allocator-size-background-worker=32768"
    "memorysetup-temp-allocator-size-job-worker=262144"
    "memorysetup-temp-allocator-size-preload-manager=33554432"
    "memorysetup-temp-allocator-size-nav-mesh-worker=65536"
    "memorysetup-temp-allocator-size-audio-worker=65536"
    "memorysetup-temp-allocator-size-cloud-worker=32768"
    "memorysetup-temp-allocator-size-gi-baking-worker=262144"
    "memorysetup-temp-allocator-size-gfx=262144"
Refreshing native plugins compatible for Editor in 209.51 ms, found 3 plugins.
Preloading 0 native plugins for Editor in 0.00 ms.
Initialize engine version: 2021.3.8f1 (b30333d56e81)
[Subsystems] Discovering subsystems at path G:/RPR/unity/Unity 2021.3.8f1/Editor/Data/Resources/UnitySubsystems
[Subsystems] Discovering subsystems at path G:/RPR/GitHub/kantorphobia/kantorphobia/Assets
GfxDevice: creating device client; threaded=0; jobified=0
Direct3D:
    Version:  Direct3D 11.0 [level 11.1]
    Renderer: Intel(R) UHD Graphics 630 (ID=0x9bc8)
    Vendor:   Intel
    VRAM:     3969 MB
    Driver:   31.0.101.2114
Initialize mono
Mono path[0] = 'G:/RPR/unity/Unity 2021.3.8f1/Editor/Data/Managed'
Mono path[1] = 'G:/RPR/unity/Unity 2021.3.8f1/Editor/Data/MonoBleedingEdge/lib/mono/unityjit-win32'
Mono config path = 'G:/RPR/unity/Unity 2021.3.8f1/Editor/Data/MonoBleedingEdge/etc'
Using monoOptions --debugger-agent=transport=dt_socket,embedding=1,server=y,suspend=n,address=127.0.0.1:56540
Begin MonoManager ReloadAssembly
Registering precompiled unity dll's ...
Register platform support module: G:/RPR/unity/Unity 2021.3.8f1/Editor/Data/PlaybackEngines/WindowsStandaloneSupport/UnityEditor.WindowsStandalone.Extensions.dll
Registered in 0.085927 seconds.
Native extension for WindowsStandalone target not found
Refreshing native plugins compatible for Editor in 418.80 ms, found 3 plugins.
Preloading 0 native plugins for Editor in 0.00 ms.
Mono: successfully reloaded assembly
- Completed reload, in  3.572 seconds
Domain Reload Profiling:
	ReloadAssembly (3575ms)
		BeginReloadAssembly (853ms)
			ExecutionOrderSort (1ms)
			DisableScriptedObjects (0ms)
			BackupInstance (0ms)
			ReleaseScriptingObjects (0ms)
			CreateAndSetChildDomain (2ms)
		EndReloadAssembly (2074ms)
			LoadAssemblies (852ms)
			RebuildTransferFunctionScriptingTraits (7ms)
			SetupTypeCache (456ms)
			ReleaseScriptCaches (0ms)
			RebuildScriptCaches (144ms)
			SetupLoadedEditorAssemblies (1202ms)
				LogAssemblyErrors (0ms)
				InitializePlatformSupportModulesInManaged (48ms)
				SetLoadedEditorAssemblies (1ms)
				RefreshPlugins (419ms)
				BeforeProcessingInitializeOnLoad (4ms)
				ProcessInitializeOnLoadAttributes (578ms)
				ProcessInitializeOnLoadMethodAttributes (150ms)
				AfterProcessingInitializeOnLoad (0ms)
				EditorAssembliesLoaded (0ms)
			ExecutionOrderSort2 (0ms)
			AwakeInstancesAfterBackupRestoration (0ms)
Platform modules already initialized, skipping
Registering precompiled user dll's ...
Registered in 0.340463 seconds.
Begin MonoManager ReloadAssembly
Native extension for WindowsStandalone target not found
Refreshing native plugins compatible for Editor in 127.48 ms, found 3 plugins.
Preloading 0 native plugins for Editor in 0.00 ms.
Mono: successfully reloaded assembly
- Completed reload, in  3.595 seconds
Domain Reload Profiling:
	ReloadAssembly (3596ms)
		BeginReloadAssembly (653ms)
			ExecutionOrderSort (0ms)
			DisableScriptedObjects (9ms)
			BackupInstance (0ms)
			ReleaseScriptingObjects (0ms)
			CreateAndSetChildDomain (36ms)
		EndReloadAssembly (2629ms)
			LoadAssemblies (1603ms)
			RebuildTransferFunctionScriptingTraits (0ms)
			SetupTypeCache (513ms)
			ReleaseScriptCaches (1ms)
			RebuildScriptCaches (71ms)
			SetupLoadedEditorAssemblies (839ms)
				LogAssemblyErrors (0ms)
				InitializePlatformSupportModulesInManaged (12ms)
				SetLoadedEditorAssemblies (0ms)
				RefreshPlugins (128ms)
				BeforeProcessingInitializeOnLoad (153ms)
				ProcessInitializeOnLoadAttributes (401ms)
				ProcessInitializeOnLoadMethodAttributes (130ms)
				AfterProcessingInitializeOnLoad (15ms)
				EditorAssembliesLoaded (0ms)
			ExecutionOrderSort2 (0ms)
			AwakeInstancesAfterBackupRestoration (6ms)
Platform modules already initialized, skipping
========================================================================
Worker process is ready to serve import requests
Launched and connected shader compiler UnityShaderCompiler.exe after 0.15 seconds
Refreshing native plugins compatible for Editor in 0.98 ms, found 3 plugins.
Preloading 0 native plugins for Editor in 0.00 ms.
Unloading 5424 Unused Serialized files (Serialized files now loaded: 0)
Unloading 60 unused Assets / (2.0 MB). Loaded Objects now: 5861.
Memory consumption went from 217.3 MB to 215.3 MB.
Total: 4.296400 ms (FindLiveObjects: 0.460400 ms CreateObjectMapping: 0.450700 ms MarkObjects: 2.901900 ms  DeleteObjects: 0.482100 ms)

AssetImportParameters requested are different than current active one (requested -> active):
  custom:video-decoder-ogg-theora: a1e56fd34408186e4bbccfd4996cb3dc -> 
  custom:container-muxer-webm: aa71ff27fc2769a1b78a27578f13a17b -> 
  custom:container-demuxer-webm: 4f35f7cbe854078d1ac9338744f61a02 -> 
  custom:video-encoder-webm-vp8: eb34c28f22e8b96e1ab97ce403110664 -> 
  custom:audio-encoder-webm-vorbis: bf7c407c2cedff20999df2af8eb42d56 -> 
  custom:framework-win-MediaFoundation: 216162199b28c13a410421893ffa2e32 -> 
  custom:container-demuxer-ogg: 62fdf1f143b41e24485cea50d1cbac27 -> 
  custom:video-decoder-webm-vp8: 9c59270c3fd7afecdb556c50c9e8de78 -> 
  custom:audio-decoder-ogg-vorbis: bf7c407c2cedff20999df2af8eb42d56 -> 
========================================================================
Received Import Request.
  Time since last request: 522433.475422 seconds.
  path: Assets/Models/chair.blend
  artifactKey: Guid(7c35422bb959d4243830bac568533a1a) Importer(815301076,1909f56bfc062723c751e8b465ee728b)
Start importing Assets/Models/chair.blend using Guid(7c35422bb959d4243830bac568533a1a) Importer(815301076,1909f56bfc062723c751e8b465ee728b)  -> (artifact id: '4af1bfaccd4d9ebcd8ae4477ed18ea25') in 0.055113 seconds 
========================================================================
Received Import Request.
  Time since last request: 0.000022 seconds.
  path: Assets/Scenes
  artifactKey: Guid(6ea315d0fd7389c41b19996891e99ae3) Importer(815301076,1909f56bfc062723c751e8b465ee728b)
Start importing Assets/Scenes using Guid(6ea315d0fd7389c41b19996891e99ae3) Importer(815301076,1909f56bfc062723c751e8b465ee728b)  -> (artifact id: 'bc172811d573b296104adb4d2728db37') in 0.014432 seconds 
========================================================================
Received Import Request.
  Time since last request: 0.000020 seconds.
  path: Assets/Models/favorit.fbx
  artifactKey: Guid(e3d91b8b793810d49bceff466f1c3527) Importer(815301076,1909f56bfc062723c751e8b465ee728b)
Start importing Assets/Models/favorit.fbx using Guid(e3d91b8b793810d49bceff466f1c3527) Importer(815301076,1909f56bfc062723c751e8b465ee728b)  -> (artifact id: '7d2c5ca44e9ad4790121d5c04141659b') in 1.133112 seconds 
========================================================================
Received Import Request.
  Time since last request: 0.000023 seconds.
  path: Assets/Scenes/SampleScene.unity
  artifactKey: Guid(9fc0d4010bbf28b4594072e72b8655ab) Importer(815301076,1909f56bfc062723c751e8b465ee728b)
Start importing Assets/Scenes/SampleScene.unity using Guid(9fc0d4010bbf28b4594072e72b8655ab) Importer(815301076,1909f56bfc062723c751e8b465ee728b)  -> (artifact id: '628356cc55a9c14c6f0d98844b1072d1') in 0.020381 seconds 
========================================================================
Received Import Request.
  Time since last request: 46.954075 seconds.
  path: Assets/Models/camera.blend
  artifactKey: Guid(9548b4e7cc81fb44e8dc2f9b02c77005) Importer(815301076,1909f56bfc062723c751e8b465ee728b)
Start importing Assets/Models/camera.blend using Guid(9548b4e7cc81fb44e8dc2f9b02c77005) Importer(815301076,1909f56bfc062723c751e8b465ee728b)  -> (artifact id: '84a8790463dcf6e84f13d224890d63fd') in 0.018937 seconds 
========================================================================
Received Import Request.
  Time since last request: 2.414529 seconds.
  path: Assets/Models/tanglewood2.blend
  artifactKey: Guid(4fa4d1064f819dc4d8b9d4afdb1b69d1) Importer(815301076,1909f56bfc062723c751e8b465ee728b)
Start importing Assets/Models/tanglewood2.blend using Guid(4fa4d1064f819dc4d8b9d4afdb1b69d1) Importer(815301076,1909f56bfc062723c751e8b465ee728b)  -> (artifact id: 'c71feedec9a5d345b06bc4904717b424') in 0.024445 seconds 
========================================================================
Received Import Request.
  Time since last request: 44.568960 seconds.
  path: Assets/Models/camera.blend
  artifactKey: Guid(9548b4e7cc81fb44e8dc2f9b02c77005) Importer(815301076,1909f56bfc062723c751e8b465ee728b)
Start importing Assets/Models/camera.blend using Guid(9548b4e7cc81fb44e8dc2f9b02c77005) Importer(815301076,1909f56bfc062723c751e8b465ee728b)  -> (artifact id: '5439745e5b67943b3b609e31c5311480') in 0.184182 seconds 
========================================================================
Received Import Request.
  Time since last request: 0.000034 seconds.
  path: Assets/Models/chair.blend
  artifactKey: Guid(7c35422bb959d4243830bac568533a1a) Importer(815301076,1909f56bfc062723c751e8b465ee728b)
Start importing Assets/Models/chair.blend using Guid(7c35422bb959d4243830bac568533a1a) Importer(815301076,1909f56bfc062723c751e8b465ee728b)  -> (artifact id: '45b08ad071de5e60c810d0dd924e0e77') in 0.195969 seconds 
========================================================================
Received Import Request.
  Time since last request: 0.000024 seconds.
  path: Assets/Models/tanglewood2.blend
  artifactKey: Guid(4fa4d1064f819dc4d8b9d4afdb1b69d1) Importer(815301076,1909f56bfc062723c751e8b465ee728b)
Start importing Assets/Models/tanglewood2.blend using Guid(4fa4d1064f819dc4d8b9d4afdb1b69d1) Importer(815301076,1909f56bfc062723c751e8b465ee728b)  -> (artifact id: '941818d81b0db638883ed6ee1c09d930') in 0.109420 seconds 
========================================================================
Received Import Request.
  Time since last request: 0.000083 seconds.
  path: Assets/Models/sofa.blend
  artifactKey: Guid(a1ce5a4653dc44e4b9aa93d7583126bf) Importer(815301076,1909f56bfc062723c751e8b465ee728b)
Start importing Assets/Models/sofa.blend using Guid(a1ce5a4653dc44e4b9aa93d7583126bf) Importer(815301076,1909f56bfc062723c751e8b465ee728b)  -> (artifact id: '60d57da48d44005eda8bc90be52b8cdf') in 0.137902 seconds 
========================================================================
Received Import Request.
  Time since last request: 0.000024 seconds.
  path: Assets/Models/television.blend
  artifactKey: Guid(b1c6cf9cc05009a47bc40437b7d4dc56) Importer(815301076,1909f56bfc062723c751e8b465ee728b)
Start importing Assets/Models/television.blend using Guid(b1c6cf9cc05009a47bc40437b7d4dc56) Importer(815301076,1909f56bfc062723c751e8b465ee728b)  -> (artifact id: 'f74df8b0ee72c798ca376988d799088e') in 0.139982 seconds 
========================================================================
Received Import Request.
  Time since last request: 0.000029 seconds.
  path: Assets/Models/underTVTable.blend
  artifactKey: Guid(575af9a025be0d041b9523e0afc031cf) Importer(815301076,1909f56bfc062723c751e8b465ee728b)
Start importing Assets/Models/underTVTable.blend using Guid(575af9a025be0d041b9523e0afc031cf) Importer(815301076,1909f56bfc062723c751e8b465ee728b)  -> (artifact id: 'be3f126864262e4e6e2dbdac076ebdad') in 0.111892 seconds 
========================================================================
Received Import Request.
  Time since last request: 0.000017 seconds.
  path: Assets/Models/lamp.blend
  artifactKey: Guid(a57e60d3f72bae04985cbfb24880cd19) Importer(815301076,1909f56bfc062723c751e8b465ee728b)
Start importing Assets/Models/lamp.blend using Guid(a57e60d3f72bae04985cbfb24880cd19) Importer(815301076,1909f56bfc062723c751e8b465ee728b)  -> (artifact id: '726457881397cee76f51e4f7cdb76d08') in 0.058665 seconds 
========================================================================
Received Import Request.
  Time since last request: 0.000032 seconds.
  path: Assets/Models/table.blend
  artifactKey: Guid(703828570e456df42b9f9469ebaa3d8e) Importer(815301076,1909f56bfc062723c751e8b465ee728b)
Start importing Assets/Models/table.blend using Guid(703828570e456df42b9f9469ebaa3d8e) Importer(815301076,1909f56bfc062723c751e8b465ee728b)  -> (artifact id: 'bae62b766dd984d2a5eaae79f6304427') in 0.109681 seconds 
========================================================================
Received Import Request.
  Time since last request: 0.000133 seconds.
  path: Assets/Models/newCharacter.blend
  artifactKey: Guid(7b522654a45eb014b9220cc66c95536e) Importer(815301076,1909f56bfc062723c751e8b465ee728b)
Start importing Assets/Models/newCharacter.blend using Guid(7b522654a45eb014b9220cc66c95536e) Importer(815301076,1909f56bfc062723c751e8b465ee728b)  -> (artifact id: '884868f928b1282d9e1569950144544e') in 0.084092 seconds 
========================================================================
Received Import Request.
  Time since last request: 4.040130 seconds.
  path: Assets/Models/camera.blend1
  artifactKey: Guid(1520c36f59cf5244d8d11ce49dc16aba) Importer(815301076,1909f56bfc062723c751e8b465ee728b)
Start importing Assets/Models/camera.blend1 using Guid(1520c36f59cf5244d8d11ce49dc16aba) Importer(815301076,1909f56bfc062723c751e8b465ee728b)  -> (artifact id: 'ec8de5d2497188a70ea274a55883d318') in 0.028115 seconds 
========================================================================
Received Import Request.
  Time since last request: 2.702147 seconds.
  path: Assets/Models/tanglewood2.blend1
  artifactKey: Guid(1d0365644d1d1b2448e3aef8e2acc8a8) Importer(815301076,1909f56bfc062723c751e8b465ee728b)
Start importing Assets/Models/tanglewood2.blend1 using Guid(1d0365644d1d1b2448e3aef8e2acc8a8) Importer(815301076,1909f56bfc062723c751e8b465ee728b)  -> (artifact id: 'd02c0e22c6f87ed9679300fa210fcff1') in 0.024581 seconds 
========================================================================
Received Prepare
Registering precompiled user dll's ...
Registered in 0.030659 seconds.
Begin MonoManager ReloadAssembly
Native extension for WindowsStandalone target not found
Refreshing native plugins compatible for Editor in 8.81 ms, found 3 plugins.
Preloading 0 native plugins for Editor in 0.00 ms.
Mono: successfully reloaded assembly
- Completed reload, in 10.783 seconds
Domain Reload Profiling:
	ReloadAssembly (10783ms)
		BeginReloadAssembly (2744ms)
			ExecutionOrderSort (0ms)
			DisableScriptedObjects (11ms)
			BackupInstance (0ms)
			ReleaseScriptingObjects (0ms)
			CreateAndSetChildDomain (208ms)
		EndReloadAssembly (7168ms)
			LoadAssemblies (3952ms)
			RebuildTransferFunctionScriptingTraits (0ms)
			SetupTypeCache (1522ms)
			ReleaseScriptCaches (6ms)
			RebuildScriptCaches (240ms)
			SetupLoadedEditorAssemblies (2753ms)
				LogAssemblyErrors (0ms)
				InitializePlatformSupportModulesInManaged (72ms)
				SetLoadedEditorAssemblies (3ms)
				RefreshPlugins (9ms)
				BeforeProcessingInitializeOnLoad (504ms)
				ProcessInitializeOnLoadAttributes (1560ms)
				ProcessInitializeOnLoadMethodAttributes (364ms)
				AfterProcessingInitializeOnLoad (240ms)
				EditorAssembliesLoaded (1ms)
			ExecutionOrderSort2 (0ms)
			AwakeInstancesAfterBackupRestoration (21ms)
Platform modules already initialized, skipping
Refreshing native plugins compatible for Editor in 68.25 ms, found 3 plugins.
Preloading 0 native plugins for Editor in 0.00 ms.
Unloading 5306 Unused Serialized files (Serialized files now loaded: 0)
Unloading 41 unused Assets / (2.0 MB). Loaded Objects now: 5920.
Memory consumption went from 210.6 MB to 208.7 MB.
Total: 11.256900 ms (FindLiveObjects: 2.026700 ms CreateObjectMapping: 1.925600 ms MarkObjects: 6.076300 ms  DeleteObjects: 1.223600 ms)

AssetImportParameters requested are different than current active one (requested -> active):
  custom:video-decoder-ogg-theora: a1e56fd34408186e4bbccfd4996cb3dc -> 
  custom:container-muxer-webm: aa71ff27fc2769a1b78a27578f13a17b -> 
  custom:container-demuxer-webm: 4f35f7cbe854078d1ac9338744f61a02 -> 
  custom:video-encoder-webm-vp8: eb34c28f22e8b96e1ab97ce403110664 -> 
  custom:audio-encoder-webm-vorbis: bf7c407c2cedff20999df2af8eb42d56 -> 
  custom:framework-win-MediaFoundation: 216162199b28c13a410421893ffa2e32 -> 
  custom:container-demuxer-ogg: 62fdf1f143b41e24485cea50d1cbac27 -> 
  custom:video-decoder-webm-vp8: 9c59270c3fd7afecdb556c50c9e8de78 -> 
  custom:audio-decoder-ogg-vorbis: bf7c407c2cedff20999df2af8eb42d56 -> 
========================================================================
Received Import Request.
  Time since last request: 406.890893 seconds.
  path: Assets/Prefabs/camera.prefab
  artifactKey: Guid(9287a582c6124fe4a802aec5b1a079b3) Importer(815301076,1909f56bfc062723c751e8b465ee728b)
Start importing Assets/Prefabs/camera.prefab using Guid(9287a582c6124fe4a802aec5b1a079b3) Importer(815301076,1909f56bfc062723c751e8b465ee728b)  -> (artifact id: '62e4ffbf8959bfdfd72357cf04501614') in 0.119123 seconds 
========================================================================
Received Import Request.
  Time since last request: 0.000026 seconds.
  path: Assets/Prefabs/GhostOrb.prefab
  artifactKey: Guid(0f3d08babf063bf47b3b77f4081339ee) Importer(815301076,1909f56bfc062723c751e8b465ee728b)
Start importing Assets/Prefabs/GhostOrb.prefab using Guid(0f3d08babf063bf47b3b77f4081339ee) Importer(815301076,1909f56bfc062723c751e8b465ee728b)  -> (artifact id: '25444dd3f3d5e1ded3dcc2bad35ece01') in 0.210205 seconds 
========================================================================
Received Import Request.
  Time since last request: 39.593015 seconds.
  path: Assets/Materials
  artifactKey: Guid(36a1c5dade48ccc40806645578c7baba) Importer(815301076,1909f56bfc062723c751e8b465ee728b)
Start importing Assets/Materials using Guid(36a1c5dade48ccc40806645578c7baba) Importer(815301076,1909f56bfc062723c751e8b465ee728b)  -> (artifact id: '88a3bdc10f3a1e6dc4cf738f2aca0189') in 0.027321 seconds 
========================================================================
Received Import Request.
  Time since last request: 0.053937 seconds.
  path: Assets/Materials/Door.mat
  artifactKey: Guid(56348be9e06948844b29705f6cb91b2d) Importer(815301076,1909f56bfc062723c751e8b465ee728b)
Start importing Assets/Materials/Door.mat using Guid(56348be9e06948844b29705f6cb91b2d) Importer(815301076,1909f56bfc062723c751e8b465ee728b)  -> (artifact id: '04ab5cee6a3e5fc45587b5e119fcabed') in 0.085489 seconds 
========================================================================
Received Import Request.
  Time since last request: 0.000015 seconds.
  path: Assets/Materials/EnemyMaterial.mat
  artifactKey: Guid(55527bf8f50d5d544b7c3e397bdd9c98) Importer(815301076,1909f56bfc062723c751e8b465ee728b)
Start importing Assets/Materials/EnemyMaterial.mat using Guid(55527bf8f50d5d544b7c3e397bdd9c98) Importer(815301076,1909f56bfc062723c751e8b465ee728b)  -> (artifact id: '0493e84c3a0fdca94dbdfaef2823a822') in 0.344646 seconds 
========================================================================
Received Import Request.
  Time since last request: 0.000098 seconds.
  path: Assets/Materials/key.mat
  artifactKey: Guid(7386e88b9d7636742be50a2486b4019e) Importer(815301076,1909f56bfc062723c751e8b465ee728b)
Start importing Assets/Materials/key.mat using Guid(7386e88b9d7636742be50a2486b4019e) Importer(815301076,1909f56bfc062723c751e8b465ee728b)  -> (artifact id: '41242d9e8efe0c0f217fbc31b5bf7eee') in 0.067359 seconds 
========================================================================
Received Import Request.
  Time since last request: 11.221732 seconds.
  path: Assets/Materials/GhostOrb.mat
  artifactKey: Guid(57178d2547109ad458ca3f3932b19e1e) Importer(815301076,1909f56bfc062723c751e8b465ee728b)
Start importing Assets/Materials/GhostOrb.mat using Guid(57178d2547109ad458ca3f3932b19e1e) Importer(815301076,1909f56bfc062723c751e8b465ee728b)  -> (artifact id: 'b820479bf50c5813298f4100fb2d4f32') in 0.051744 seconds 
========================================================================
Received Import Request.
  Time since last request: 51.260262 seconds.
  path: Assets/Prefabs
  artifactKey: Guid(8e5a0205d36f0834aa0d7a625c540896) Importer(815301076,1909f56bfc062723c751e8b465ee728b)
Start importing Assets/Prefabs using Guid(8e5a0205d36f0834aa0d7a625c540896) Importer(815301076,1909f56bfc062723c751e8b465ee728b)  -> (artifact id: 'aa7e43f15219116f5a406fa357197dad') in 0.032274 seconds 
========================================================================
Received Import Request.
  Time since last request: 8.674927 seconds.
  path: Assets/Prefabs/GhostOrb.prefab
  artifactKey: Guid(0f3d08babf063bf47b3b77f4081339ee) Importer(815301076,1909f56bfc062723c751e8b465ee728b)
Start importing Assets/Prefabs/GhostOrb.prefab using Guid(0f3d08babf063bf47b3b77f4081339ee) Importer(815301076,1909f56bfc062723c751e8b465ee728b)  -> (artifact id: 'e7009a88a73e45afea6473a31f074c31') in 0.040066 seconds 
========================================================================
Received Import Request.
  Time since last request: 8.497281 seconds.
  path: Assets/Scripts/DoorScript.cs
  artifactKey: Guid(d553e55662c8cb047bc8d868e7f78965) Importer(815301076,1909f56bfc062723c751e8b465ee728b)
Start importing Assets/Scripts/DoorScript.cs using Guid(d553e55662c8cb047bc8d868e7f78965) Importer(815301076,1909f56bfc062723c751e8b465ee728b)  -> (artifact id: '9fecc9cd5b46a0f4aef3cfcd225aae7a') in 0.028818 seconds 
========================================================================
Received Import Request.
  Time since last request: 0.259307 seconds.
  path: Assets/Scripts/GhostScript.cs
  artifactKey: Guid(0876663374a656c45ac836fbfa80687f) Importer(815301076,1909f56bfc062723c751e8b465ee728b)
Start importing Assets/Scripts/GhostScript.cs using Guid(0876663374a656c45ac836fbfa80687f) Importer(815301076,1909f56bfc062723c751e8b465ee728b)  -> (artifact id: '7c2c3de52c3f867c8388117782afb5e5') in 0.019723 seconds 
========================================================================
Received Import Request.
  Time since last request: 364.870186 seconds.
  path: Assets/Scripts/GhostScript.cs
  artifactKey: Guid(0876663374a656c45ac836fbfa80687f) Importer(815301076,1909f56bfc062723c751e8b465ee728b)
Start importing Assets/Scripts/GhostScript.cs using Guid(0876663374a656c45ac836fbfa80687f) Importer(815301076,1909f56bfc062723c751e8b465ee728b)  -> (artifact id: 'a2b665e84a69cbe7760ceb1a926b15d6') in 0.071858 seconds 
========================================================================
Received Prepare
Registering precompiled user dll's ...
Registered in 0.048456 seconds.
Begin MonoManager ReloadAssembly
Native extension for WindowsStandalone target not found
Refreshing native plugins compatible for Editor in 1.13 ms, found 3 plugins.
Preloading 0 native plugins for Editor in 0.00 ms.
Mono: successfully reloaded assembly
- Completed reload, in  3.148 seconds
Domain Reload Profiling:
	ReloadAssembly (3149ms)
		BeginReloadAssembly (798ms)
			ExecutionOrderSort (0ms)
			DisableScriptedObjects (5ms)
			BackupInstance (0ms)
			ReleaseScriptingObjects (0ms)
			CreateAndSetChildDomain (43ms)
		EndReloadAssembly (2084ms)
			LoadAssemblies (1353ms)
			RebuildTransferFunctionScriptingTraits (0ms)
			SetupTypeCache (445ms)
			ReleaseScriptCaches (2ms)
			RebuildScriptCaches (49ms)
			SetupLoadedEditorAssemblies (639ms)
				LogAssemblyErrors (0ms)
				InitializePlatformSupportModulesInManaged (22ms)
				SetLoadedEditorAssemblies (1ms)
				RefreshPlugins (1ms)
				BeforeProcessingInitializeOnLoad (186ms)
				ProcessInitializeOnLoadAttributes (308ms)
				ProcessInitializeOnLoadMethodAttributes (107ms)
				AfterProcessingInitializeOnLoad (14ms)
				EditorAssembliesLoaded (0ms)
			ExecutionOrderSort2 (0ms)
			AwakeInstancesAfterBackupRestoration (6ms)
Platform modules already initialized, skipping
Refreshing native plugins compatible for Editor in 20.65 ms, found 3 plugins.
Preloading 0 native plugins for Editor in 0.00 ms.
Unloading 5306 Unused Serialized files (Serialized files now loaded: 0)
Unloading 43 unused Assets / (2.0 MB). Loaded Objects now: 5937.
Memory consumption went from 210.9 MB to 208.9 MB.
Total: 5.366500 ms (FindLiveObjects: 0.401300 ms CreateObjectMapping: 0.316800 ms MarkObjects: 4.144700 ms  DeleteObjects: 0.502600 ms)

AssetImportParameters requested are different than current active one (requested -> active):
  custom:video-decoder-ogg-theora: a1e56fd34408186e4bbccfd4996cb3dc -> 
  custom:container-muxer-webm: aa71ff27fc2769a1b78a27578f13a17b -> 
  custom:container-demuxer-webm: 4f35f7cbe854078d1ac9338744f61a02 -> 
  custom:video-encoder-webm-vp8: eb34c28f22e8b96e1ab97ce403110664 -> 
  custom:audio-encoder-webm-vorbis: bf7c407c2cedff20999df2af8eb42d56 -> 
  custom:framework-win-MediaFoundation: 216162199b28c13a410421893ffa2e32 -> 
  custom:container-demuxer-ogg: 62fdf1f143b41e24485cea50d1cbac27 -> 
  custom:video-decoder-webm-vp8: 9c59270c3fd7afecdb556c50c9e8de78 -> 
  custom:audio-decoder-ogg-vorbis: bf7c407c2cedff20999df2af8eb42d56 -> 
========================================================================
Received Import Request.
  Time since last request: 406.296541 seconds.
  path: Assets/Scripts/GhostScript.cs
  artifactKey: Guid(0876663374a656c45ac836fbfa80687f) Importer(815301076,1909f56bfc062723c751e8b465ee728b)
Start importing Assets/Scripts/GhostScript.cs using Guid(0876663374a656c45ac836fbfa80687f) Importer(815301076,1909f56bfc062723c751e8b465ee728b)  -> (artifact id: '70f5d9b5b73afd9931d90d3083f00b4f') in 0.025028 seconds 
========================================================================
Received Prepare
Registering precompiled user dll's ...
Registered in 0.043616 seconds.
Begin MonoManager ReloadAssembly
Native extension for WindowsStandalone target not found
Refreshing native plugins compatible for Editor in 0.97 ms, found 3 plugins.
Preloading 0 native plugins for Editor in 0.00 ms.
Mono: successfully reloaded assembly
- Completed reload, in  4.607 seconds
Domain Reload Profiling:
	ReloadAssembly (4608ms)
		BeginReloadAssembly (962ms)
			ExecutionOrderSort (0ms)
			DisableScriptedObjects (6ms)
			BackupInstance (0ms)
			ReleaseScriptingObjects (0ms)
			CreateAndSetChildDomain (45ms)
		EndReloadAssembly (3199ms)
			LoadAssemblies (2523ms)
			RebuildTransferFunctionScriptingTraits (0ms)
			SetupTypeCache (420ms)
			ReleaseScriptCaches (2ms)
			RebuildScriptCaches (53ms)
			SetupLoadedEditorAssemblies (632ms)
				LogAssemblyErrors (0ms)
				InitializePlatformSupportModulesInManaged (27ms)
				SetLoadedEditorAssemblies (1ms)
				RefreshPlugins (1ms)
				BeforeProcessingInitializeOnLoad (163ms)
				ProcessInitializeOnLoadAttributes (303ms)
				ProcessInitializeOnLoadMethodAttributes (121ms)
				AfterProcessingInitializeOnLoad (16ms)
				EditorAssembliesLoaded (0ms)
			ExecutionOrderSort2 (0ms)
			AwakeInstancesAfterBackupRestoration (7ms)
Platform modules already initialized, skipping
Refreshing native plugins compatible for Editor in 69.91 ms, found 3 plugins.
Preloading 0 native plugins for Editor in 0.00 ms.
Unloading 5306 Unused Serialized files (Serialized files now loaded: 0)
Unloading 41 unused Assets / (2.0 MB). Loaded Objects now: 5952.
Memory consumption went from 210.9 MB to 208.9 MB.
Total: 21.224800 ms (FindLiveObjects: 0.627800 ms CreateObjectMapping: 0.897600 ms MarkObjects: 14.735800 ms  DeleteObjects: 4.958500 ms)

AssetImportParameters requested are different than current active one (requested -> active):
  custom:video-decoder-ogg-theora: a1e56fd34408186e4bbccfd4996cb3dc -> 
  custom:container-muxer-webm: aa71ff27fc2769a1b78a27578f13a17b -> 
  custom:container-demuxer-webm: 4f35f7cbe854078d1ac9338744f61a02 -> 
  custom:video-encoder-webm-vp8: eb34c28f22e8b96e1ab97ce403110664 -> 
  custom:audio-encoder-webm-vorbis: bf7c407c2cedff20999df2af8eb42d56 -> 
  custom:framework-win-MediaFoundation: 216162199b28c13a410421893ffa2e32 -> 
  custom:container-demuxer-ogg: 62fdf1f143b41e24485cea50d1cbac27 -> 
  custom:video-decoder-webm-vp8: 9c59270c3fd7afecdb556c50c9e8de78 -> 
  custom:audio-decoder-ogg-vorbis: bf7c407c2cedff20999df2af8eb42d56 -> 
========================================================================
Received Prepare
Registering precompiled user dll's ...
Registered in 0.393435 seconds.
Begin MonoManager ReloadAssembly
Native extension for WindowsStandalone target not found
Refreshing native plugins compatible for Editor in 1.23 ms, found 3 plugins.
Preloading 0 native plugins for Editor in 0.00 ms.
Mono: successfully reloaded assembly
- Completed reload, in  3.519 seconds
Domain Reload Profiling:
	ReloadAssembly (3519ms)
		BeginReloadAssembly (922ms)
			ExecutionOrderSort (0ms)
			DisableScriptedObjects (23ms)
			BackupInstance (0ms)
			ReleaseScriptingObjects (0ms)
			CreateAndSetChildDomain (40ms)
		EndReloadAssembly (2357ms)
			LoadAssemblies (1686ms)
			RebuildTransferFunctionScriptingTraits (0ms)
			SetupTypeCache (463ms)
			ReleaseScriptCaches (2ms)
			RebuildScriptCaches (49ms)
			SetupLoadedEditorAssemblies (680ms)
				LogAssemblyErrors (0ms)
				InitializePlatformSupportModulesInManaged (26ms)
				SetLoadedEditorAssemblies (1ms)
				RefreshPlugins (1ms)
				BeforeProcessingInitializeOnLoad (172ms)
				ProcessInitializeOnLoadAttributes (358ms)
				ProcessInitializeOnLoadMethodAttributes (108ms)
				AfterProcessingInitializeOnLoad (14ms)
				EditorAssembliesLoaded (0ms)
			ExecutionOrderSort2 (0ms)
			AwakeInstancesAfterBackupRestoration (6ms)
Platform modules already initialized, skipping
Refreshing native plugins compatible for Editor in 22.63 ms, found 3 plugins.
Preloading 0 native plugins for Editor in 0.00 ms.
Unloading 5306 Unused Serialized files (Serialized files now loaded: 0)
Unloading 41 unused Assets / (2.0 MB). Loaded Objects now: 5967.
Memory consumption went from 210.9 MB to 208.9 MB.
Total: 4.369100 ms (FindLiveObjects: 0.485600 ms CreateObjectMapping: 0.354600 ms MarkObjects: 3.027900 ms  DeleteObjects: 0.500300 ms)

AssetImportParameters requested are different than current active one (requested -> active):
  custom:video-decoder-ogg-theora: a1e56fd34408186e4bbccfd4996cb3dc -> 
  custom:container-muxer-webm: aa71ff27fc2769a1b78a27578f13a17b -> 
  custom:container-demuxer-webm: 4f35f7cbe854078d1ac9338744f61a02 -> 
  custom:video-encoder-webm-vp8: eb34c28f22e8b96e1ab97ce403110664 -> 
  custom:audio-encoder-webm-vorbis: bf7c407c2cedff20999df2af8eb42d56 -> 
  custom:framework-win-MediaFoundation: 216162199b28c13a410421893ffa2e32 -> 
  custom:container-demuxer-ogg: 62fdf1f143b41e24485cea50d1cbac27 -> 
  custom:video-decoder-webm-vp8: 9c59270c3fd7afecdb556c50c9e8de78 -> 
  custom:audio-decoder-ogg-vorbis: bf7c407c2cedff20999df2af8eb42d56 -> 
========================================================================
Received Import Request.
  Time since last request: 123.477561 seconds.
  path: Assets/Scripts/GhostScript.cs
  artifactKey: Guid(0876663374a656c45ac836fbfa80687f) Importer(815301076,1909f56bfc062723c751e8b465ee728b)
Start importing Assets/Scripts/GhostScript.cs using Guid(0876663374a656c45ac836fbfa80687f) Importer(815301076,1909f56bfc062723c751e8b465ee728b)  -> (artifact id: 'c387499df015cb2792b6887006ab2e05') in 0.023139 seconds 
========================================================================
Received Import Request.
  Time since last request: 0.000031 seconds.
  path: Assets/Materials/Materials/baseGroundMat.mat
  artifactKey: Guid(a95d86759847a38419aeeec74eb5eb21) Importer(815301076,1909f56bfc062723c751e8b465ee728b)
Start importing Assets/Materials/Materials/baseGroundMat.mat using Guid(a95d86759847a38419aeeec74eb5eb21) Importer(815301076,1909f56bfc062723c751e8b465ee728b)  -> (artifact id: 'ef393586c1ec7317db74220d162d26f0') in 0.139425 seconds 
========================================================================
Received Import Request.
  Time since last request: 0.000147 seconds.
  path: Assets/Materials/Materials/Bobson.mat
  artifactKey: Guid(607f3edb85851b64cbe47ba0f79aa159) Importer(815301076,1909f56bfc062723c751e8b465ee728b)
Start importing Assets/Materials/Materials/Bobson.mat using Guid(607f3edb85851b64cbe47ba0f79aa159) Importer(815301076,1909f56bfc062723c751e8b465ee728b)  -> (artifact id: '9b77248ffead12ceffc777095b73e744') in 0.074456 seconds 
========================================================================
Received Import Request.
  Time since last request: 0.000046 seconds.
  path: Assets/Materials/Materials/lamp_texture.mat
  artifactKey: Guid(b68fd234340cc7647881b5ade3fe3f31) Importer(815301076,1909f56bfc062723c751e8b465ee728b)
Start importing Assets/Materials/Materials/lamp_texture.mat using Guid(b68fd234340cc7647881b5ade3fe3f31) Importer(815301076,1909f56bfc062723c751e8b465ee728b)  -> (artifact id: '6be28a049e0513547d8185d6977aab98') in 0.081778 seconds 
========================================================================
Received Import Request.
  Time since last request: 0.000114 seconds.
  path: Assets/Materials/Materials/playerMaterial.mat
  artifactKey: Guid(0d2c2a8cca1180145b44c241493ca3e8) Importer(815301076,1909f56bfc062723c751e8b465ee728b)
Start importing Assets/Materials/Materials/playerMaterial.mat using Guid(0d2c2a8cca1180145b44c241493ca3e8) Importer(815301076,1909f56bfc062723c751e8b465ee728b)  -> (artifact id: '517a5d2dc605a321d64c233b288fbf4e') in 0.066076 seconds 
========================================================================
Received Import Request.
  Time since last request: 0.000073 seconds.
  path: Packages/com.unity.collab-proxy/Editor/Collaborate/Assets/Icons/back-light@2x.png
  artifactKey: Guid(f5c57327df0fa294c8209aa216435167) Importer(815301076,1909f56bfc062723c751e8b465ee728b)
Start importing Packages/com.unity.collab-proxy/Editor/Collaborate/Assets/Icons/back-light@2x.png using Guid(f5c57327df0fa294c8209aa216435167) Importer(815301076,1909f56bfc062723c751e8b465ee728b)  -> (artifact id: '60fdb4719e54cd7a83b7b73fac5be8c8') in 0.119679 seconds 
========================================================================
Received Import Request.
  Time since last request: 0.000035 seconds.
  path: Assets/Materials/Materials/Bobek_Lenny.mat
  artifactKey: Guid(b25707abc2f39874ebe789db24a05ff1) Importer(815301076,1909f56bfc062723c751e8b465ee728b)
Start importing Assets/Materials/Materials/Bobek_Lenny.mat using Guid(b25707abc2f39874ebe789db24a05ff1) Importer(815301076,1909f56bfc062723c751e8b465ee728b)  -> (artifact id: 'd9528afa3a5b64fdf1c2f4123539267b') in 0.085160 seconds 
========================================================================
Received Import Request.
  Time since last request: 0.000087 seconds.
  path: Assets/Materials/Materials/Beneky_pog.mat
  artifactKey: Guid(c0fc94de35a53284c93fcd4d63ed4987) Importer(815301076,1909f56bfc062723c751e8b465ee728b)
Start importing Assets/Materials/Materials/Beneky_pog.mat using Guid(c0fc94de35a53284c93fcd4d63ed4987) Importer(815301076,1909f56bfc062723c751e8b465ee728b)  -> (artifact id: 'f62f5315226375247a695f648ba76a60') in 0.055192 seconds 
========================================================================
Received Import Request.
  Time since last request: 0.000031 seconds.
  path: Assets/Materials/Materials/blaha.mat
  artifactKey: Guid(cc9fa7c8a0d81864291528a4cb6a8ea4) Importer(815301076,1909f56bfc062723c751e8b465ee728b)
Start importing Assets/Materials/Materials/blaha.mat using Guid(cc9fa7c8a0d81864291528a4cb6a8ea4) Importer(815301076,1909f56bfc062723c751e8b465ee728b)  -> (artifact id: 'a474cb8788936bc48a83b3e26d153707') in 0.100310 seconds 
========================================================================
Received Import Request.
  Time since last request: 0.000022 seconds.
  path: Packages/com.unity.collab-proxy/Editor/Collaborate/Assets/Icons/back-dark.png
  artifactKey: Guid(8e3ec2dfd58b79842aa78376678a9a05) Importer(815301076,1909f56bfc062723c751e8b465ee728b)
Start importing Packages/com.unity.collab-proxy/Editor/Collaborate/Assets/Icons/back-dark.png using Guid(8e3ec2dfd58b79842aa78376678a9a05) Importer(815301076,1909f56bfc062723c751e8b465ee728b)  -> (artifact id: 'f2f9bbc2b3e35733a3dc052ec02b7e2e') in 0.074884 seconds 
========================================================================
Received Import Request.
  Time since last request: 0.000026 seconds.
  path: Assets/Materials/Materials/chairCusionTexture.mat
  artifactKey: Guid(56d2a345dd7bde74eb8a94cb58564c7f) Importer(815301076,1909f56bfc062723c751e8b465ee728b)
Start importing Assets/Materials/Materials/chairCusionTexture.mat using Guid(56d2a345dd7bde74eb8a94cb58564c7f) Importer(815301076,1909f56bfc062723c751e8b465ee728b)  -> (artifact id: '4a2725903518cb051a3fd962cd07969d') in 0.079435 seconds 
========================================================================
Received Import Request.
  Time since last request: 0.000132 seconds.
  path: Packages/com.unity.collab-proxy/Editor/Collaborate/Assets/Icons/added-file-dark.png
  artifactKey: Guid(1a4f52b613391cd449af3ad2e44affeb) Importer(815301076,1909f56bfc062723c751e8b465ee728b)
Start importing Packages/com.unity.collab-proxy/Editor/Collaborate/Assets/Icons/added-file-dark.png using Guid(1a4f52b613391cd449af3ad2e44affeb) Importer(815301076,1909f56bfc062723c751e8b465ee728b)  -> (artifact id: '6e20e845050b7544aca0ca3418b7fc8d') in 0.066740 seconds 
========================================================================
Received Import Request.
  Time since last request: 0.000029 seconds.
  path: Assets/Materials/Materials
  artifactKey: Guid(6cfe839d510ef914b890e1779de340be) Importer(815301076,1909f56bfc062723c751e8b465ee728b)
Start importing Assets/Materials/Materials using Guid(6cfe839d510ef914b890e1779de340be) Importer(815301076,1909f56bfc062723c751e8b465ee728b)  -> (artifact id: '68ca45ff4e5449cdacf2c27adf0e79ef') in 0.028646 seconds 
========================================================================
Received Import Request.
  Time since last request: 0.000029 seconds.
  path: Packages/com.unity.collab-proxy/Editor/Collaborate/Assets/Icons/back-dark@2x.png
  artifactKey: Guid(9c6313a5316f8a34b852bf94ff96e3ab) Importer(815301076,1909f56bfc062723c751e8b465ee728b)
Start importing Packages/com.unity.collab-proxy/Editor/Collaborate/Assets/Icons/back-dark@2x.png using Guid(9c6313a5316f8a34b852bf94ff96e3ab) Importer(815301076,1909f56bfc062723c751e8b465ee728b)  -> (artifact id: 'c5bc3f065b563dfaca65e3eb6f483bf9') in 0.138249 seconds 
========================================================================
Received Import Request.
  Time since last request: 0.000028 seconds.
  path: Packages/com.unity.collab-proxy/Editor/Collaborate/Assets/Icons/added-file-dark@2x.png
  artifactKey: Guid(c223e0c507e2c6549a2cb97441b62cbe) Importer(815301076,1909f56bfc062723c751e8b465ee728b)
Start importing Packages/com.unity.collab-proxy/Editor/Collaborate/Assets/Icons/added-file-dark@2x.png using Guid(c223e0c507e2c6549a2cb97441b62cbe) Importer(815301076,1909f56bfc062723c751e8b465ee728b)  -> (artifact id: 'a0de05af0d29401d575307a0d567f469') in 0.081524 seconds 
========================================================================
Received Import Request.
  Time since last request: 0.000152 seconds.
  path: Assets/Materials/Materials/TVTexture.mat
  artifactKey: Guid(b91da2bbf5542e245970c45db5e362b3) Importer(815301076,1909f56bfc062723c751e8b465ee728b)
Start importing Assets/Materials/Materials/TVTexture.mat using Guid(b91da2bbf5542e245970c45db5e362b3) Importer(815301076,1909f56bfc062723c751e8b465ee728b)  -> (artifact id: '790071b724f020ad80ba6155d58be727') in 0.089535 seconds 
========================================================================
Received Import Request.
  Time since last request: 0.000025 seconds.
  path: Assets/Materials/Materials/wood texture.mat
  artifactKey: Guid(b638c93c94c58b24eba3ea5db58b89ee) Importer(815301076,1909f56bfc062723c751e8b465ee728b)
Start importing Assets/Materials/Materials/wood texture.mat using Guid(b638c93c94c58b24eba3ea5db58b89ee) Importer(815301076,1909f56bfc062723c751e8b465ee728b)  -> (artifact id: 'd3bc1f11a29c420d5ed82b2c51e98633') in 0.086973 seconds 
========================================================================
Received Import Request.
  Time since last request: 0.000032 seconds.
  path: Packages/com.unity.collab-proxy/Editor/Collaborate/Assets/Icons/added-file-light@2x.png
  artifactKey: Guid(ec2e3aa6d0ab8ce4eac29b56d65d61d5) Importer(815301076,1909f56bfc062723c751e8b465ee728b)
Start importing Packages/com.unity.collab-proxy/Editor/Collaborate/Assets/Icons/added-file-light@2x.png using Guid(ec2e3aa6d0ab8ce4eac29b56d65d61d5) Importer(815301076,1909f56bfc062723c751e8b465ee728b)  -> (artifact id: 'bde5b9f26214b4072b8ae08dccefc81b') in 0.071682 seconds 
========================================================================
Received Import Request.
  Time since last request: 0.000126 seconds.
  path: Assets/Materials/Materials/fb3cf70e8b2c13cbc4510f966e160164.mat
  artifactKey: Guid(2e8cf2dc438d0174282eab1a55b56092) Importer(815301076,1909f56bfc062723c751e8b465ee728b)
Start importing Assets/Materials/Materials/fb3cf70e8b2c13cbc4510f966e160164.mat using Guid(2e8cf2dc438d0174282eab1a55b56092) Importer(815301076,1909f56bfc062723c751e8b465ee728b)  -> (artifact id: 'd1aa8a80895310a5f2340620d180e37d') in 0.133941 seconds 
========================================================================
Received Import Request.
  Time since last request: 0.000242 seconds.
  path: Packages/com.unity.collab-proxy/Editor/Collaborate/Assets/Icons/back-light.png
  artifactKey: Guid(e676ab7aa99535447a763c9f88bf9260) Importer(815301076,1909f56bfc062723c751e8b465ee728b)
Start importing Packages/com.unity.collab-proxy/Editor/Collaborate/Assets/Icons/back-light.png using Guid(e676ab7aa99535447a763c9f88bf9260) Importer(815301076,1909f56bfc062723c751e8b465ee728b)  -> (artifact id: '427ba37f11bb884c81643b38badacdb9') in 0.055447 seconds 
========================================================================
Received Import Request.
  Time since last request: 0.000154 seconds.
  path: Packages/com.unity.collab-proxy/Editor/Collaborate/Assets/Icons/added-file-light.png
  artifactKey: Guid(397fff6c3885f8343bb65714f0064b5d) Importer(815301076,1909f56bfc062723c751e8b465ee728b)
Start importing Packages/com.unity.collab-proxy/Editor/Collaborate/Assets/Icons/added-file-light.png using Guid(397fff6c3885f8343bb65714f0064b5d) Importer(815301076,1909f56bfc062723c751e8b465ee728b)  -> (artifact id: 'ae0c958d28ec4bcf4bb1220136afd8cf') in 0.052335 seconds 
========================================================================
Received Prepare
Registering precompiled user dll's ...
Registered in 0.031164 seconds.
Begin MonoManager ReloadAssembly
Native extension for WindowsStandalone target not found
Refreshing native plugins compatible for Editor in 6.48 ms, found 3 plugins.
Preloading 0 native plugins for Editor in 0.00 ms.
Mono: successfully reloaded assembly
- Completed reload, in 12.183 seconds
Domain Reload Profiling:
	ReloadAssembly (12189ms)
		BeginReloadAssembly (2725ms)
			ExecutionOrderSort (0ms)
			DisableScriptedObjects (17ms)
			BackupInstance (0ms)
			ReleaseScriptingObjects (2ms)
			CreateAndSetChildDomain (188ms)
		EndReloadAssembly (8521ms)
			LoadAssemblies (5063ms)
			RebuildTransferFunctionScriptingTraits (0ms)
			SetupTypeCache (1718ms)
			ReleaseScriptCaches (8ms)
			RebuildScriptCaches (217ms)
			SetupLoadedEditorAssemblies (2831ms)
				LogAssemblyErrors (0ms)
				InitializePlatformSupportModulesInManaged (98ms)
				SetLoadedEditorAssemblies (1ms)
				RefreshPlugins (7ms)
				BeforeProcessingInitializeOnLoad (767ms)
				ProcessInitializeOnLoadAttributes (1228ms)
				ProcessInitializeOnLoadMethodAttributes (421ms)
				AfterProcessingInitializeOnLoad (307ms)
				EditorAssembliesLoaded (1ms)
			ExecutionOrderSort2 (0ms)
			AwakeInstancesAfterBackupRestoration (20ms)
Platform modules already initialized, skipping
Refreshing native plugins compatible for Editor in 20.46 ms, found 3 plugins.
Preloading 0 native plugins for Editor in 0.00 ms.
Unloading 5306 Unused Serialized files (Serialized files now loaded: 0)
Unloading 41 unused Assets / (2.0 MB). Loaded Objects now: 5985.
Memory consumption went from 210.9 MB to 209.0 MB.
Total: 4.356800 ms (FindLiveObjects: 0.422300 ms CreateObjectMapping: 0.341700 ms MarkObjects: 3.027300 ms  DeleteObjects: 0.564600 ms)

AssetImportParameters requested are different than current active one (requested -> active):
  custom:video-decoder-ogg-theora: a1e56fd34408186e4bbccfd4996cb3dc -> 
  custom:container-muxer-webm: aa71ff27fc2769a1b78a27578f13a17b -> 
  custom:container-demuxer-webm: 4f35f7cbe854078d1ac9338744f61a02 -> 
  custom:video-encoder-webm-vp8: eb34c28f22e8b96e1ab97ce403110664 -> 
  custom:audio-encoder-webm-vorbis: bf7c407c2cedff20999df2af8eb42d56 -> 
  custom:framework-win-MediaFoundation: 216162199b28c13a410421893ffa2e32 -> 
  custom:container-demuxer-ogg: 62fdf1f143b41e24485cea50d1cbac27 -> 
  custom:video-decoder-webm-vp8: 9c59270c3fd7afecdb556c50c9e8de78 -> 
  custom:audio-decoder-ogg-vorbis: bf7c407c2cedff20999df2af8eb42d56 -> 
========================================================================
Received Import Request.
  Time since last request: 101.033589 seconds.
  path: Assets/Materials/Textures/Beneky_pog.png
  artifactKey: Guid(3f840384e893dd24bbbf0bafc666e48c) Importer(815301076,1909f56bfc062723c751e8b465ee728b)
Start importing Assets/Materials/Textures/Beneky_pog.png using Guid(3f840384e893dd24bbbf0bafc666e48c) Importer(815301076,1909f56bfc062723c751e8b465ee728b)  -> (artifact id: '8620cd1633f79915f246a4b1eded055f') in 0.185404 seconds 
========================================================================
Received Import Request.
  Time since last request: 0.000111 seconds.
  path: Assets/Materials/Textures/blaha.png
  artifactKey: Guid(4ce64a7dfdfbc3c469e42c42be5edf59) Importer(815301076,1909f56bfc062723c751e8b465ee728b)
Start importing Assets/Materials/Textures/blaha.png using Guid(4ce64a7dfdfbc3c469e42c42be5edf59) Importer(815301076,1909f56bfc062723c751e8b465ee728b)  -> (artifact id: '182d0f711f5a280a5d5c100f5020f54d') in 0.094254 seconds 
========================================================================
Received Import Request.
  Time since last request: 0.000035 seconds.
  path: Assets/Materials/Textures/Bobek_Lenny.png
  artifactKey: Guid(e596ebf8e505702429bf0cf491b2a0f0) Importer(815301076,1909f56bfc062723c751e8b465ee728b)
Start importing Assets/Materials/Textures/Bobek_Lenny.png using Guid(e596ebf8e505702429bf0cf491b2a0f0) Importer(815301076,1909f56bfc062723c751e8b465ee728b)  -> (artifact id: '2c215737bb6b39f2916cbdaf4e77ab40') in 0.093036 seconds 
========================================================================
Received Import Request.
  Time since last request: 0.000026 seconds.
  path: Packages/com.unity.collab-proxy/Editor/PlasticSCM/Assets/Images/buttonssosigninemail.png
  artifactKey: Guid(d24e7e0b75e1a244bb9687d6fd4315ef) Importer(815301076,1909f56bfc062723c751e8b465ee728b)
Start importing Packages/com.unity.collab-proxy/Editor/PlasticSCM/Assets/Images/buttonssosigninemail.png using Guid(d24e7e0b75e1a244bb9687d6fd4315ef) Importer(815301076,1909f56bfc062723c751e8b465ee728b)  -> (artifact id: 'd53a20173457538fc914920e03023d14') in 0.118508 seconds 
========================================================================
Received Import Request.
  Time since last request: 0.000018 seconds.
  path: Assets/Materials/Other/cameraRender.renderTexture
  artifactKey: Guid(34b8d5e2638df8e4b807cc74c96a1887) Importer(815301076,1909f56bfc062723c751e8b465ee728b)
Start importing Assets/Materials/Other/cameraRender.renderTexture using Guid(34b8d5e2638df8e4b807cc74c96a1887) Importer(815301076,1909f56bfc062723c751e8b465ee728b)  -> (artifact id: 'fd8b1d845f759828bf3967ec0fcd87cb') in 0.113899 seconds 
========================================================================
Received Import Request.
  Time since last request: 0.000145 seconds.
  path: Packages/com.unity.collab-proxy/Editor/Collaborate/Assets/Icons/choose-mine-dark@2x.png
  artifactKey: Guid(39c95c5cb14167543b9aa5908c94bb71) Importer(815301076,1909f56bfc062723c751e8b465ee728b)
Start importing Packages/com.unity.collab-proxy/Editor/Collaborate/Assets/Icons/choose-mine-dark@2x.png using Guid(39c95c5cb14167543b9aa5908c94bb71) Importer(815301076,1909f56bfc062723c751e8b465ee728b)  -> (artifact id: 'da6eaad37f147eefe41e66032e8245f7') in 0.069265 seconds 
========================================================================
Received Import Request.
  Time since last request: 0.000047 seconds.
  path: Assets/Materials/Textures/chairCusionTexture.jpg
  artifactKey: Guid(b4b7ed9b95d46a6409558b8ccf5f18a7) Importer(815301076,1909f56bfc062723c751e8b465ee728b)
Start importing Assets/Materials/Textures/chairCusionTexture.jpg using Guid(b4b7ed9b95d46a6409558b8ccf5f18a7) Importer(815301076,1909f56bfc062723c751e8b465ee728b)  -> (artifact id: '7f3580bb2c899a36eb37efc533320288') in 0.085699 seconds 
========================================================================
Received Import Request.
  Time since last request: 0.000252 seconds.
  path: Packages/com.unity.collab-proxy/Editor/PlasticSCM/Assets/Images/buttonssosigninunity.png
  artifactKey: Guid(f9161c6c9e06dc445ada3ee16d991f90) Importer(815301076,1909f56bfc062723c751e8b465ee728b)
Start importing Packages/com.unity.collab-proxy/Editor/PlasticSCM/Assets/Images/buttonssosigninunity.png using Guid(f9161c6c9e06dc445ada3ee16d991f90) Importer(815301076,1909f56bfc062723c751e8b465ee728b)  -> (artifact id: '7b9970ec1d7c201c8744ea33b9965d29') in 0.127756 seconds 
========================================================================
Received Import Request.
  Time since last request: 0.000051 seconds.
  path: Packages/com.unity.collab-proxy/Editor/Collaborate/Assets/Icons/choose-mine-light@2x.png
  artifactKey: Guid(1bceea0c53eecc244a50615c7958486d) Importer(815301076,1909f56bfc062723c751e8b465ee728b)
Start importing Packages/com.unity.collab-proxy/Editor/Collaborate/Assets/Icons/choose-mine-light@2x.png using Guid(1bceea0c53eecc244a50615c7958486d) Importer(815301076,1909f56bfc062723c751e8b465ee728b)  -> (artifact id: 'a8c1db867e5a26ebf3ed5190710bdbce') in 0.099231 seconds 
========================================================================
Received Import Request.
  Time since last request: 0.000156 seconds.
  path: Packages/com.unity.collab-proxy/Editor/PlasticSCM/Assets/Images/buttonssosigninemail@2x.png
  artifactKey: Guid(ddf2e76e8a1f88f46ae1e42277850b48) Importer(815301076,1909f56bfc062723c751e8b465ee728b)
Start importing Packages/com.unity.collab-proxy/Editor/PlasticSCM/Assets/Images/buttonssosigninemail@2x.png using Guid(ddf2e76e8a1f88f46ae1e42277850b48) Importer(815301076,1909f56bfc062723c751e8b465ee728b)  -> (artifact id: '34d342bbcb1cba03117a8dd081ee813f') in 0.056201 seconds 
========================================================================
Received Import Request.
  Time since last request: 0.000047 seconds.
  path: Packages/com.unity.collab-proxy/Editor/Collaborate/Assets/Icons/choose-mine-light.png
  artifactKey: Guid(2c0bdcbf152ceb64ba9b01cc370a9092) Importer(815301076,1909f56bfc062723c751e8b465ee728b)
Start importing Packages/com.unity.collab-proxy/Editor/Collaborate/Assets/Icons/choose-mine-light.png using Guid(2c0bdcbf152ceb64ba9b01cc370a9092) Importer(815301076,1909f56bfc062723c751e8b465ee728b)  -> (artifact id: '690fd803db0c14d9ebcd2d7580c44eb5') in 0.075830 seconds 
========================================================================
Received Import Request.
  Time since last request: 0.000022 seconds.
  path: Packages/com.unity.collab-proxy/Editor/PlasticSCM/Assets/Images/buttonssosigningoogle.png
  artifactKey: Guid(f09eae8c0ea04254b90c5386a034a225) Importer(815301076,1909f56bfc062723c751e8b465ee728b)
Start importing Packages/com.unity.collab-proxy/Editor/PlasticSCM/Assets/Images/buttonssosigningoogle.png using Guid(f09eae8c0ea04254b90c5386a034a225) Importer(815301076,1909f56bfc062723c751e8b465ee728b)  -> (artifact id: 'da05efda795875204a3877455d10099a') in 0.058097 seconds 
========================================================================
Received Import Request.
  Time since last request: 0.000039 seconds.
  path: Packages/com.unity.collab-proxy/Editor/Collaborate/Assets/Icons/choose-mine-dark.png
  artifactKey: Guid(a972d8b163b45d54b89085acf50327e8) Importer(815301076,1909f56bfc062723c751e8b465ee728b)
Start importing Packages/com.unity.collab-proxy/Editor/Collaborate/Assets/Icons/choose-mine-dark.png using Guid(a972d8b163b45d54b89085acf50327e8) Importer(815301076,1909f56bfc062723c751e8b465ee728b)  -> (artifact id: 'd58750bf55b6b656c85f7f4671946cd6') in 0.074851 seconds 
========================================================================
Received Import Request.
  Time since last request: 0.000211 seconds.
  path: Assets/Materials/Textures/Bobson.png
  artifactKey: Guid(1f845d978bb74f04e878ca16733393f0) Importer(815301076,1909f56bfc062723c751e8b465ee728b)
Start importing Assets/Materials/Textures/Bobson.png using Guid(1f845d978bb74f04e878ca16733393f0) Importer(815301076,1909f56bfc062723c751e8b465ee728b)  -> (artifact id: '4b798689d9daa55c7c9cdbfa8a9936e3') in 0.059430 seconds 
========================================================================
Received Prepare
Registering precompiled user dll's ...
Registered in 0.030106 seconds.
Begin MonoManager ReloadAssembly
Native extension for WindowsStandalone target not found
Refreshing native plugins compatible for Editor in 4.66 ms, found 3 plugins.
Preloading 0 native plugins for Editor in 0.00 ms.
Mono: successfully reloaded assembly
- Completed reload, in  7.706 seconds
Domain Reload Profiling:
	ReloadAssembly (7710ms)
		BeginReloadAssembly (1608ms)
			ExecutionOrderSort (0ms)
			DisableScriptedObjects (17ms)
			BackupInstance (0ms)
			ReleaseScriptingObjects (0ms)
			CreateAndSetChildDomain (137ms)
		EndReloadAssembly (5862ms)
			LoadAssemblies (2443ms)
			RebuildTransferFunctionScriptingTraits (0ms)
			SetupTypeCache (1446ms)
			ReleaseScriptCaches (3ms)
			RebuildScriptCaches (252ms)
			SetupLoadedEditorAssemblies (2210ms)
				LogAssemblyErrors (0ms)
				InitializePlatformSupportModulesInManaged (73ms)
				SetLoadedEditorAssemblies (1ms)
				RefreshPlugins (5ms)
				BeforeProcessingInitializeOnLoad (480ms)
				ProcessInitializeOnLoadAttributes (1050ms)
				ProcessInitializeOnLoadMethodAttributes (354ms)
				AfterProcessingInitializeOnLoad (245ms)
				EditorAssembliesLoaded (1ms)
			ExecutionOrderSort2 (0ms)
			AwakeInstancesAfterBackupRestoration (24ms)
Platform modules already initialized, skipping
Refreshing native plugins compatible for Editor in 20.53 ms, found 3 plugins.
Preloading 0 native plugins for Editor in 0.00 ms.
Unloading 5306 Unused Serialized files (Serialized files now loaded: 0)
Unloading 41 unused Assets / (2.0 MB). Loaded Objects now: 6011.
Memory consumption went from 211.0 MB to 209.1 MB.
Total: 4.272900 ms (FindLiveObjects: 0.437300 ms CreateObjectMapping: 0.340300 ms MarkObjects: 3.007400 ms  DeleteObjects: 0.487000 ms)

AssetImportParameters requested are different than current active one (requested -> active):
  custom:video-decoder-ogg-theora: a1e56fd34408186e4bbccfd4996cb3dc -> 
  custom:container-muxer-webm: aa71ff27fc2769a1b78a27578f13a17b -> 
  custom:container-demuxer-webm: 4f35f7cbe854078d1ac9338744f61a02 -> 
  custom:video-encoder-webm-vp8: eb34c28f22e8b96e1ab97ce403110664 -> 
  custom:audio-encoder-webm-vorbis: bf7c407c2cedff20999df2af8eb42d56 -> 
  custom:framework-win-MediaFoundation: 216162199b28c13a410421893ffa2e32 -> 
  custom:container-demuxer-ogg: 62fdf1f143b41e24485cea50d1cbac27 -> 
  custom:video-decoder-webm-vp8: 9c59270c3fd7afecdb556c50c9e8de78 -> 
  custom:audio-decoder-ogg-vorbis: bf7c407c2cedff20999df2af8eb42d56 -> 
========================================================================
Received Import Request.
  Time since last request: 193.471015 seconds.
  path: Assets
  artifactKey: Guid(00000000000000001000000000000000) Importer(815301076,1909f56bfc062723c751e8b465ee728b)
Start importing Assets using Guid(00000000000000001000000000000000) Importer(815301076,1909f56bfc062723c751e8b465ee728b)  -> (artifact id: '79842766b460edbeab6a34051e857a80') in 0.022762 seconds 
========================================================================
Received Import Request.
  Time since last request: 558.205481 seconds.
  path: ProjectSettings/TagManager.asset
  artifactKey: Guid(00000000000000003000000000000000) Importer(815301076,1909f56bfc062723c751e8b465ee728b)
Start importing ProjectSettings/TagManager.asset using Guid(00000000000000003000000000000000) Importer(815301076,1909f56bfc062723c751e8b465ee728b)  -> (artifact id: '0aefb791582274c0fa10da39033a0d60') in 0.051319 seconds 
========================================================================
Received Import Request.
  Time since last request: 18.010340 seconds.
  path: Assets/Scenes/SampleScene_Profiles/big PP Profile.asset
  artifactKey: Guid(3e74b2d3f5f9f9e40b8edf5389f5be9d) Importer(815301076,1909f56bfc062723c751e8b465ee728b)
Start importing Assets/Scenes/SampleScene_Profiles/big PP Profile.asset using Guid(3e74b2d3f5f9f9e40b8edf5389f5be9d) Importer(815301076,1909f56bfc062723c751e8b465ee728b)  -> (artifact id: 'a33505422849e6dd7d227598888a5857') in 0.069534 seconds 
========================================================================
Received Import Request.
  Time since last request: 30.561987 seconds.
  path: Assets/Scenes/SampleScene_Profiles/NightVision Profile.asset
  artifactKey: Guid(c7ec655dd9a20bc43b2c34cbbf7f6569) Importer(815301076,1909f56bfc062723c751e8b465ee728b)
Start importing Assets/Scenes/SampleScene_Profiles/NightVision Profile.asset using Guid(c7ec655dd9a20bc43b2c34cbbf7f6569) Importer(815301076,1909f56bfc062723c751e8b465ee728b)  -> (artifact id: 'dfe408fc0dcc0f689c0ef6bd8e8dfbe5') in 0.030964 seconds 
========================================================================
Received Import Request.
  Time since last request: 15.534964 seconds.
  path: Assets/Scenes/SampleScene_Profiles/NightVision Profile.asset
  artifactKey: Guid(c7ec655dd9a20bc43b2c34cbbf7f6569) Importer(815301076,1909f56bfc062723c751e8b465ee728b)
Start importing Assets/Scenes/SampleScene_Profiles/NightVision Profile.asset using Guid(c7ec655dd9a20bc43b2c34cbbf7f6569) Importer(815301076,1909f56bfc062723c751e8b465ee728b)  -> (artifact id: '11d619a2508e495205371ddd954d069f') in 0.015089 seconds 
========================================================================
Received Import Request.
  Time since last request: 116.315406 seconds.
  path: Assets/Scripts
  artifactKey: Guid(5ac04d9767ffada4399473d75e23c913) Importer(815301076,1909f56bfc062723c751e8b465ee728b)
Start importing Assets/Scripts using Guid(5ac04d9767ffada4399473d75e23c913) Importer(815301076,1909f56bfc062723c751e8b465ee728b)  -> (artifact id: '7281569784fadc4d32263accd9f42978') in 0.022062 seconds 
========================================================================
Received Import Request.
  Time since last request: 39.870126 seconds.
  path: Assets/Scripts/ItemsScript.cs
  artifactKey: Guid(bed666e40d238e441900dc383b4a2c25) Importer(815301076,1909f56bfc062723c751e8b465ee728b)
Start importing Assets/Scripts/ItemsScript.cs using Guid(bed666e40d238e441900dc383b4a2c25) Importer(815301076,1909f56bfc062723c751e8b465ee728b)  -> (artifact id: '1474b730d15e5c5146ea47c255492994') in 0.039142 seconds 
========================================================================
Received Import Request.
  Time since last request: 12.324581 seconds.
  path: Assets/Scripts/ItemsEvidence
  artifactKey: Guid(2457637a8288602479b6d08def94a20e) Importer(815301076,1909f56bfc062723c751e8b465ee728b)
Start importing Assets/Scripts/ItemsEvidence using Guid(2457637a8288602479b6d08def94a20e) Importer(815301076,1909f56bfc062723c751e8b465ee728b)  -> (artifact id: '1a7dfb2a16b88483045e5e55be9b7921') in 0.018020 seconds 
========================================================================
Received Prepare
Registering precompiled user dll's ...
Registered in 0.031409 seconds.
Begin MonoManager ReloadAssembly
Native extension for WindowsStandalone target not found
Refreshing native plugins compatible for Editor in 1.61 ms, found 3 plugins.
Preloading 0 native plugins for Editor in 0.00 ms.
Mono: successfully reloaded assembly
- Completed reload, in  4.057 seconds
Domain Reload Profiling:
	ReloadAssembly (4057ms)
		BeginReloadAssembly (1030ms)
			ExecutionOrderSort (0ms)
			DisableScriptedObjects (5ms)
			BackupInstance (0ms)
			ReleaseScriptingObjects (0ms)
			CreateAndSetChildDomain (44ms)
		EndReloadAssembly (2800ms)
			LoadAssemblies (2294ms)
			RebuildTransferFunctionScriptingTraits (0ms)
			SetupTypeCache (400ms)
			ReleaseScriptCaches (2ms)
			RebuildScriptCaches (50ms)
			SetupLoadedEditorAssemblies (702ms)
				LogAssemblyErrors (0ms)
				InitializePlatformSupportModulesInManaged (29ms)
				SetLoadedEditorAssemblies (1ms)
				RefreshPlugins (2ms)
				BeforeProcessingInitializeOnLoad (261ms)
				ProcessInitializeOnLoadAttributes (292ms)
				ProcessInitializeOnLoadMethodAttributes (103ms)
				AfterProcessingInitializeOnLoad (15ms)
				EditorAssembliesLoaded (0ms)
			ExecutionOrderSort2 (0ms)
			AwakeInstancesAfterBackupRestoration (6ms)
Platform modules already initialized, skipping
Refreshing native plugins compatible for Editor in 53.74 ms, found 3 plugins.
Preloading 0 native plugins for Editor in 0.00 ms.
Unloading 5307 Unused Serialized files (Serialized files now loaded: 0)
Unloading 42 unused Assets / (2.0 MB). Loaded Objects now: 6027.
Memory consumption went from 211.1 MB to 209.1 MB.
Total: 3.952200 ms (FindLiveObjects: 0.456100 ms CreateObjectMapping: 0.332700 ms MarkObjects: 2.667400 ms  DeleteObjects: 0.495000 ms)

AssetImportParameters requested are different than current active one (requested -> active):
  custom:video-decoder-ogg-theora: a1e56fd34408186e4bbccfd4996cb3dc -> 
  custom:container-muxer-webm: aa71ff27fc2769a1b78a27578f13a17b -> 
  custom:container-demuxer-webm: 4f35f7cbe854078d1ac9338744f61a02 -> 
  custom:video-encoder-webm-vp8: eb34c28f22e8b96e1ab97ce403110664 -> 
  custom:audio-encoder-webm-vorbis: bf7c407c2cedff20999df2af8eb42d56 -> 
  custom:framework-win-MediaFoundation: 216162199b28c13a410421893ffa2e32 -> 
  custom:container-demuxer-ogg: 62fdf1f143b41e24485cea50d1cbac27 -> 
  custom:video-decoder-webm-vp8: 9c59270c3fd7afecdb556c50c9e8de78 -> 
  custom:audio-decoder-ogg-vorbis: bf7c407c2cedff20999df2af8eb42d56 -> 
========================================================================
Received Prepare
Registering precompiled user dll's ...
Registered in 0.097564 seconds.
Begin MonoManager ReloadAssembly
Native extension for WindowsStandalone target not found
Refreshing native plugins compatible for Editor in 1.17 ms, found 3 plugins.
Preloading 0 native plugins for Editor in 0.00 ms.
Mono: successfully reloaded assembly
- Completed reload, in  3.970 seconds
Domain Reload Profiling:
	ReloadAssembly (3970ms)
		BeginReloadAssembly (1202ms)
			ExecutionOrderSort (0ms)
			DisableScriptedObjects (5ms)
			BackupInstance (0ms)
			ReleaseScriptingObjects (0ms)
			CreateAndSetChildDomain (40ms)
		EndReloadAssembly (2543ms)
			LoadAssemblies (1745ms)
			RebuildTransferFunctionScriptingTraits (0ms)
			SetupTypeCache (502ms)
			ReleaseScriptCaches (2ms)
			RebuildScriptCaches (54ms)
			SetupLoadedEditorAssemblies (730ms)
				LogAssemblyErrors (0ms)
				InitializePlatformSupportModulesInManaged (29ms)
				SetLoadedEditorAssemblies (1ms)
				RefreshPlugins (1ms)
				BeforeProcessingInitializeOnLoad (165ms)
				ProcessInitializeOnLoadAttributes (385ms)
				ProcessInitializeOnLoadMethodAttributes (133ms)
				AfterProcessingInitializeOnLoad (17ms)
				EditorAssembliesLoaded (0ms)
			ExecutionOrderSort2 (0ms)
			AwakeInstancesAfterBackupRestoration (7ms)
Platform modules already initialized, skipping
Script is not up to date after domain reload: guid(bb43eb19105ac5e4093649ffdcd878fa) path("Assets/Scripts/ItemsEvidence/VideoCamScript.cs") state(2)
Refreshing native plugins compatible for Editor in 7.01 ms, found 3 plugins.
Preloading 0 native plugins for Editor in 0.00 ms.
Unloading 5307 Unused Serialized files (Serialized files now loaded: 0)
Unloading 41 unused Assets / (2.0 MB). Loaded Objects now: 6042.
Memory consumption went from 211.1 MB to 209.2 MB.
Total: 4.250200 ms (FindLiveObjects: 0.415100 ms CreateObjectMapping: 0.313100 ms MarkObjects: 3.030800 ms  DeleteObjects: 0.490400 ms)

AssetImportParameters requested are different than current active one (requested -> active):
  custom:video-decoder-ogg-theora: a1e56fd34408186e4bbccfd4996cb3dc -> 
  custom:container-muxer-webm: aa71ff27fc2769a1b78a27578f13a17b -> 
  custom:container-demuxer-webm: 4f35f7cbe854078d1ac9338744f61a02 -> 
  custom:video-encoder-webm-vp8: eb34c28f22e8b96e1ab97ce403110664 -> 
  custom:audio-encoder-webm-vorbis: bf7c407c2cedff20999df2af8eb42d56 -> 
  custom:framework-win-MediaFoundation: 216162199b28c13a410421893ffa2e32 -> 
  custom:container-demuxer-ogg: 62fdf1f143b41e24485cea50d1cbac27 -> 
  custom:video-decoder-webm-vp8: 9c59270c3fd7afecdb556c50c9e8de78 -> 
  custom:audio-decoder-ogg-vorbis: bf7c407c2cedff20999df2af8eb42d56 -> 
========================================================================
Received Prepare
Registering precompiled user dll's ...
Registered in 0.031292 seconds.
Begin MonoManager ReloadAssembly
Native extension for WindowsStandalone target not found
Refreshing native plugins compatible for Editor in 0.86 ms, found 3 plugins.
Preloading 0 native plugins for Editor in 0.00 ms.
Mono: successfully reloaded assembly
- Completed reload, in  3.671 seconds
Domain Reload Profiling:
	ReloadAssembly (3671ms)
		BeginReloadAssembly (845ms)
			ExecutionOrderSort (0ms)
			DisableScriptedObjects (5ms)
			BackupInstance (0ms)
			ReleaseScriptingObjects (0ms)
			CreateAndSetChildDomain (43ms)
		EndReloadAssembly (2591ms)
			LoadAssemblies (1882ms)
			RebuildTransferFunctionScriptingTraits (0ms)
			SetupTypeCache (432ms)
			ReleaseScriptCaches (2ms)
			RebuildScriptCaches (72ms)
			SetupLoadedEditorAssemblies (601ms)
				LogAssemblyErrors (0ms)
				InitializePlatformSupportModulesInManaged (21ms)
				SetLoadedEditorAssemblies (1ms)
				RefreshPlugins (1ms)
				BeforeProcessingInitializeOnLoad (161ms)
				ProcessInitializeOnLoadAttributes (293ms)
				ProcessInitializeOnLoadMethodAttributes (108ms)
				AfterProcessingInitializeOnLoad (15ms)
				EditorAssembliesLoaded (0ms)
			ExecutionOrderSort2 (0ms)
			AwakeInstancesAfterBackupRestoration (7ms)
Platform modules already initialized, skipping
Refreshing native plugins compatible for Editor in 22.02 ms, found 3 plugins.
Preloading 0 native plugins for Editor in 0.00 ms.
Unloading 5308 Unused Serialized files (Serialized files now loaded: 0)
Unloading 41 unused Assets / (2.0 MB). Loaded Objects now: 6058.
Memory consumption went from 211.2 MB to 209.2 MB.
Total: 4.287900 ms (FindLiveObjects: 0.474000 ms CreateObjectMapping: 0.307400 ms MarkObjects: 3.021300 ms  DeleteObjects: 0.484500 ms)

AssetImportParameters requested are different than current active one (requested -> active):
  custom:video-decoder-ogg-theora: a1e56fd34408186e4bbccfd4996cb3dc -> 
  custom:container-muxer-webm: aa71ff27fc2769a1b78a27578f13a17b -> 
  custom:container-demuxer-webm: 4f35f7cbe854078d1ac9338744f61a02 -> 
  custom:video-encoder-webm-vp8: eb34c28f22e8b96e1ab97ce403110664 -> 
  custom:audio-encoder-webm-vorbis: bf7c407c2cedff20999df2af8eb42d56 -> 
  custom:framework-win-MediaFoundation: 216162199b28c13a410421893ffa2e32 -> 
  custom:container-demuxer-ogg: 62fdf1f143b41e24485cea50d1cbac27 -> 
  custom:video-decoder-webm-vp8: 9c59270c3fd7afecdb556c50c9e8de78 -> 
  custom:audio-decoder-ogg-vorbis: bf7c407c2cedff20999df2af8eb42d56 -> 
========================================================================
Received Import Request.
  Time since last request: 103.853886 seconds.
  path: Assets/Scripts/ItemsEvidence/VideoCamScript.cs
  artifactKey: Guid(bb43eb19105ac5e4093649ffdcd878fa) Importer(815301076,1909f56bfc062723c751e8b465ee728b)
Start importing Assets/Scripts/ItemsEvidence/VideoCamScript.cs using Guid(bb43eb19105ac5e4093649ffdcd878fa) Importer(815301076,1909f56bfc062723c751e8b465ee728b)  -> (artifact id: '50ec285827efd3daa1658d616b211ba2') in 0.026026 seconds 
