Using pre-set license
Built from '2021.3/staging' branch; Version is '2021.3.8f1 (b30333d56e81) revision 11731763'; Using compiler version '192829333'; Build Type 'Release'
OS: 'Windows 10  (10.0.19044) 64bit Education' Language: 'cs' Physical Memory: 8001 MB
BatchMode: 1, IsHumanControllingUs: 0, StartBugReporterOnCrash: 0, Is64bit: 1, IsPro: 1

COMMAND LINE ARGUMENTS:
G:\RPR\unity\Unity 2021.3.8f1\Editor\Unity.exe
-adb2
-batchMode
-noUpm
-name
AssetImportWorker2
-projectPath
G:/RPR/GitHub/kantorphobia/kantorphobia
-logFile
Logs/AssetImportWorker2.log
-srvPort
51829
Successfully changed project path to: G:/RPR/GitHub/kantorphobia/kantorphobia
G:/RPR/GitHub/kantorphobia/kantorphobia
[UnityMemory] Configuration Parameters - Can be set up in boot.config
    "memorysetup-bucket-allocator-granularity=16"
    "memorysetup-bucket-allocator-bucket-count=8"
    "memorysetup-bucket-allocator-block-size=33554432"
    "memorysetup-bucket-allocator-block-count=8"
    "memorysetup-main-allocator-block-size=16777216"
    "memorysetup-thread-allocator-block-size=16777216"
    "memorysetup-gfx-main-allocator-block-size=16777216"
    "memorysetup-gfx-thread-allocator-block-size=16777216"
    "memorysetup-cache-allocator-block-size=4194304"
    "memorysetup-typetree-allocator-block-size=2097152"
    "memorysetup-profiler-bucket-allocator-granularity=16"
    "memorysetup-profiler-bucket-allocator-bucket-count=8"
    "memorysetup-profiler-bucket-allocator-block-size=33554432"
    "memorysetup-profiler-bucket-allocator-block-count=8"
    "memorysetup-profiler-allocator-block-size=16777216"
    "memorysetup-profiler-editor-allocator-block-size=1048576"
    "memorysetup-temp-allocator-size-main=16777216"
    "memorysetup-job-temp-allocator-block-size=2097152"
    "memorysetup-job-temp-allocator-block-size-background=1048576"
    "memorysetup-job-temp-allocator-reduction-small-platforms=262144"
    "memorysetup-temp-allocator-size-background-worker=32768"
    "memorysetup-temp-allocator-size-job-worker=262144"
    "memorysetup-temp-allocator-size-preload-manager=33554432"
    "memorysetup-temp-allocator-size-nav-mesh-worker=65536"
    "memorysetup-temp-allocator-size-audio-worker=65536"
    "memorysetup-temp-allocator-size-cloud-worker=32768"
    "memorysetup-temp-allocator-size-gi-baking-worker=262144"
    "memorysetup-temp-allocator-size-gfx=262144"
Refreshing native plugins compatible for Editor in 226.18 ms, found 3 plugins.
Preloading 0 native plugins for Editor in 0.00 ms.
Initialize engine version: 2021.3.8f1 (b30333d56e81)
[Subsystems] Discovering subsystems at path G:/RPR/unity/Unity 2021.3.8f1/Editor/Data/Resources/UnitySubsystems
[Subsystems] Discovering subsystems at path G:/RPR/GitHub/kantorphobia/kantorphobia/Assets
GfxDevice: creating device client; threaded=0; jobified=0
Direct3D:
    Version:  Direct3D 11.0 [level 11.1]
    Renderer: Intel(R) UHD Graphics 630 (ID=0x3e92)
    Vendor:   Intel
    VRAM:     4000 MB
    Driver:   30.0.101.1692
Initialize mono
Mono path[0] = 'G:/RPR/unity/Unity 2021.3.8f1/Editor/Data/Managed'
Mono path[1] = 'G:/RPR/unity/Unity 2021.3.8f1/Editor/Data/MonoBleedingEdge/lib/mono/unityjit-win32'
Mono config path = 'G:/RPR/unity/Unity 2021.3.8f1/Editor/Data/MonoBleedingEdge/etc'
Using monoOptions --debugger-agent=transport=dt_socket,embedding=1,server=y,suspend=n,address=127.0.0.1:56384
Begin MonoManager ReloadAssembly
Registering precompiled unity dll's ...
Register platform support module: G:/RPR/unity/Unity 2021.3.8f1/Editor/Data/PlaybackEngines/WindowsStandaloneSupport/UnityEditor.WindowsStandalone.Extensions.dll
Registered in 0.050837 seconds.
Native extension for WindowsStandalone target not found
Refreshing native plugins compatible for Editor in 134.27 ms, found 3 plugins.
Preloading 0 native plugins for Editor in 0.00 ms.
Mono: successfully reloaded assembly
- Completed reload, in  1.338 seconds
Domain Reload Profiling:
	ReloadAssembly (1339ms)
		BeginReloadAssembly (325ms)
			ExecutionOrderSort (0ms)
			DisableScriptedObjects (0ms)
			BackupInstance (0ms)
			ReleaseScriptingObjects (0ms)
			CreateAndSetChildDomain (1ms)
		EndReloadAssembly (673ms)
			LoadAssemblies (322ms)
			RebuildTransferFunctionScriptingTraits (0ms)
			SetupTypeCache (158ms)
			ReleaseScriptCaches (0ms)
			RebuildScriptCaches (34ms)
			SetupLoadedEditorAssemblies (388ms)
				LogAssemblyErrors (0ms)
				InitializePlatformSupportModulesInManaged (20ms)
				SetLoadedEditorAssemblies (0ms)
				RefreshPlugins (134ms)
				BeforeProcessingInitializeOnLoad (1ms)
				ProcessInitializeOnLoadAttributes (178ms)
				ProcessInitializeOnLoadMethodAttributes (54ms)
				AfterProcessingInitializeOnLoad (0ms)
				EditorAssembliesLoaded (0ms)
			ExecutionOrderSort2 (0ms)
			AwakeInstancesAfterBackupRestoration (0ms)
Platform modules already initialized, skipping
Registering precompiled user dll's ...
Registered in 0.041187 seconds.
Begin MonoManager ReloadAssembly
Native extension for WindowsStandalone target not found
Refreshing native plugins compatible for Editor in 130.31 ms, found 3 plugins.
Preloading 0 native plugins for Editor in 0.00 ms.
Mono: successfully reloaded assembly
- Completed reload, in  3.716 seconds
Domain Reload Profiling:
	ReloadAssembly (3716ms)
		BeginReloadAssembly (923ms)
			ExecutionOrderSort (0ms)
			DisableScriptedObjects (6ms)
			BackupInstance (0ms)
			ReleaseScriptingObjects (0ms)
			CreateAndSetChildDomain (20ms)
		EndReloadAssembly (2415ms)
			LoadAssemblies (1678ms)
			RebuildTransferFunctionScriptingTraits (0ms)
			SetupTypeCache (509ms)
			ReleaseScriptCaches (1ms)
			RebuildScriptCaches (70ms)
			SetupLoadedEditorAssemblies (872ms)
				LogAssemblyErrors (0ms)
				InitializePlatformSupportModulesInManaged (16ms)
				SetLoadedEditorAssemblies (0ms)
				RefreshPlugins (130ms)
				BeforeProcessingInitializeOnLoad (166ms)
				ProcessInitializeOnLoadAttributes (431ms)
				ProcessInitializeOnLoadMethodAttributes (112ms)
				AfterProcessingInitializeOnLoad (16ms)
				EditorAssembliesLoaded (0ms)
			ExecutionOrderSort2 (0ms)
			AwakeInstancesAfterBackupRestoration (6ms)
Platform modules already initialized, skipping
========================================================================
Worker process is ready to serve import requests
Launched and connected shader compiler UnityShaderCompiler.exe after 0.14 seconds
Refreshing native plugins compatible for Editor in 0.93 ms, found 3 plugins.
Preloading 0 native plugins for Editor in 0.00 ms.
Unloading 5424 Unused Serialized files (Serialized files now loaded: 0)
Unloading 60 unused Assets / (2.0 MB). Loaded Objects now: 5861.
Memory consumption went from 217.3 MB to 215.3 MB.
Total: 4.695600 ms (FindLiveObjects: 0.436000 ms CreateObjectMapping: 0.359300 ms MarkObjects: 3.401400 ms  DeleteObjects: 0.498100 ms)

AssetImportParameters requested are different than current active one (requested -> active):
  custom:video-decoder-ogg-theora: a1e56fd34408186e4bbccfd4996cb3dc -> 
  custom:container-muxer-webm: aa71ff27fc2769a1b78a27578f13a17b -> 
  custom:container-demuxer-webm: 4f35f7cbe854078d1ac9338744f61a02 -> 
  custom:video-encoder-webm-vp8: eb34c28f22e8b96e1ab97ce403110664 -> 
  custom:audio-encoder-webm-vorbis: bf7c407c2cedff20999df2af8eb42d56 -> 
  custom:framework-win-MediaFoundation: 216162199b28c13a410421893ffa2e32 -> 
  custom:container-demuxer-ogg: 62fdf1f143b41e24485cea50d1cbac27 -> 
  custom:video-decoder-webm-vp8: 9c59270c3fd7afecdb556c50c9e8de78 -> 
  custom:audio-decoder-ogg-vorbis: bf7c407c2cedff20999df2af8eb42d56 -> 
========================================================================
Received Import Request.
  Time since last request: 701217.370865 seconds.
  path: Assets/Prefabs
  artifactKey: Guid(8e5a0205d36f0834aa0d7a625c540896) Importer(815301076,1909f56bfc062723c751e8b465ee728b)
Start importing Assets/Prefabs using Guid(8e5a0205d36f0834aa0d7a625c540896) Importer(815301076,1909f56bfc062723c751e8b465ee728b)  -> (artifact id: 'aa7e43f15219116f5a406fa357197dad') in 0.049769 seconds 
========================================================================
Received Import Request.
  Time since last request: 0.000020 seconds.
  path: Assets/Prefabs/favorit.fbx
  artifactKey: Guid(e3d91b8b793810d49bceff466f1c3527) Importer(815301076,1909f56bfc062723c751e8b465ee728b)
Start importing Assets/Prefabs/favorit.fbx using Guid(e3d91b8b793810d49bceff466f1c3527) Importer(815301076,1909f56bfc062723c751e8b465ee728b)  -> (artifact id: '7d2c5ca44e9ad4790121d5c04141659b') in 1.461529 seconds 
========================================================================
Received Import Request.
  Time since last request: 0.000023 seconds.
  path: Assets/Prefabs/underTVTable.blend
  artifactKey: Guid(575af9a025be0d041b9523e0afc031cf) Importer(815301076,1909f56bfc062723c751e8b465ee728b)
Start importing Assets/Prefabs/underTVTable.blend using Guid(575af9a025be0d041b9523e0afc031cf) Importer(815301076,1909f56bfc062723c751e8b465ee728b)  -> (artifact id: '94759195fd6cd9386bde413ef573f515') in 0.100363 seconds 
========================================================================
Received Import Request.
  Time since last request: 14.699635 seconds.
  path: Assets/Scenes/SampleScene.unity
  artifactKey: Guid(9fc0d4010bbf28b4594072e72b8655ab) Importer(815301076,1909f56bfc062723c751e8b465ee728b)
Start importing Assets/Scenes/SampleScene.unity using Guid(9fc0d4010bbf28b4594072e72b8655ab) Importer(815301076,1909f56bfc062723c751e8b465ee728b)  -> (artifact id: '17c1d2ffcac79a060d23bc7fff63688e') in 0.022392 seconds 
========================================================================
Received Import Request.
  Time since last request: 22.403614 seconds.
  path: Assets/Materials/Door.mat
  artifactKey: Guid(56348be9e06948844b29705f6cb91b2d) Importer(815301076,1909f56bfc062723c751e8b465ee728b)
Start importing Assets/Materials/Door.mat using Guid(56348be9e06948844b29705f6cb91b2d) Importer(815301076,1909f56bfc062723c751e8b465ee728b)  -> (artifact id: '04ab5cee6a3e5fc45587b5e119fcabed') in 0.447579 seconds 
========================================================================
Received Import Request.
  Time since last request: 0.000028 seconds.
  path: Assets/Materials/EnemyMaterial.mat
  artifactKey: Guid(55527bf8f50d5d544b7c3e397bdd9c98) Importer(815301076,1909f56bfc062723c751e8b465ee728b)
Start importing Assets/Materials/EnemyMaterial.mat using Guid(55527bf8f50d5d544b7c3e397bdd9c98) Importer(815301076,1909f56bfc062723c751e8b465ee728b)  -> (artifact id: '0493e84c3a0fdca94dbdfaef2823a822') in 0.432411 seconds 
========================================================================
Received Import Request.
  Time since last request: 0.000027 seconds.
  path: Assets/Materials/key.mat
  artifactKey: Guid(7386e88b9d7636742be50a2486b4019e) Importer(815301076,1909f56bfc062723c751e8b465ee728b)
Start importing Assets/Materials/key.mat using Guid(7386e88b9d7636742be50a2486b4019e) Importer(815301076,1909f56bfc062723c751e8b465ee728b)  -> (artifact id: '41242d9e8efe0c0f217fbc31b5bf7eee') in 0.053987 seconds 
========================================================================
Received Import Request.
  Time since last request: 0.001180 seconds.
  path: Assets/Prefabs/chair.blend
  artifactKey: Guid(7c35422bb959d4243830bac568533a1a) Importer(815301076,1909f56bfc062723c751e8b465ee728b)
Start importing Assets/Prefabs/chair.blend using Guid(7c35422bb959d4243830bac568533a1a) Importer(815301076,1909f56bfc062723c751e8b465ee728b)  -> (artifact id: '4af1bfaccd4d9ebcd8ae4477ed18ea25') in 1.620935 seconds 
========================================================================
Received Import Request.
  Time since last request: 19.358155 seconds.
  path: Assets/Prefabs/chair.blend
  artifactKey: Guid(7c35422bb959d4243830bac568533a1a) Importer(815301076,1909f56bfc062723c751e8b465ee728b)
Start importing Assets/Prefabs/chair.blend using Guid(7c35422bb959d4243830bac568533a1a) Importer(815301076,1909f56bfc062723c751e8b465ee728b)  -> (artifact id: 'f4c3c0bb0d7996b28bd3b46d1a91f962') in 0.112092 seconds 
========================================================================
Received Import Request.
  Time since last request: 8.439022 seconds.
  path: Assets/Prefabs/lamp.blend
  artifactKey: Guid(a57e60d3f72bae04985cbfb24880cd19) Importer(815301076,1909f56bfc062723c751e8b465ee728b)
Start importing Assets/Prefabs/lamp.blend using Guid(a57e60d3f72bae04985cbfb24880cd19) Importer(815301076,1909f56bfc062723c751e8b465ee728b)  -> (artifact id: '4b04b4d3a6b4b4fc5b9244f6753a1a8e') in 0.024113 seconds 
